<?xml version="1.0" encoding="UTF-8"?>
<testsuite xmlns:xsi="http://www.w3.org/2001/XMLSchema-instance" xsi:noNamespaceSchemaLocation="https://maven.apache.org/surefire/maven-surefire-plugin/xsd/surefire-test-report-3.0.xsd" version="3.0" name="com.iulian.FinalProject.FinalProjectApplicationTests" time="7.569" tests="1" errors="0" skipped="0" failures="0">
  <properties>
[...]
</properties>
  <testcase name="contextLoads" classname="com.iulian.FinalProject.FinalProjectApplicationTests" time="0.7">
    <system-out><![CDATA[11:20:17.409 [main] INFO org.springframework.test.context.support.AnnotationConfigContextLoaderUtils -- Could not detect default configuration classes for test class [com.iulian.FinalProject.FinalProjectApplicationTests]: FinalProjectApplicationTests does not declare any static, non-private, non-final, nested classes annotated with @Configuration.
11:20:17.562 [main] INFO org.springframework.boot.test.context.SpringBootTestContextBootstrapper -- Found @SpringBootConfiguration com.iulian.FinalProject.FinalProjectApplication for test class com.iulian.FinalProject.FinalProjectApplicationTests

  .   ____          _            __ _ _
 /\\ / ___'_ __ _ _(_)_ __  __ _ \ \ \ \
( ( )\___ | '_ | '_| | '_ \/ _` | \ \ \ \
 \\/  ___)| |_)| | | | | || (_| |  ) ) ) )
  '  |____| .__|_| |_|_| |_\__, | / / / /
 =========|_|==============|___/=/_/_/_/
 :: Spring Boot ::       (v3.1.1-SNAPSHOT)

2023-07-09T11:20:18.294+03:00  INFO 1328 --- [           main] c.i.F.FinalProjectApplicationTests       : Starting FinalProjectApplicationTests using Java 17.0.7 with PID 1328 (started by ramez in C:\Users\ramez\OneDrive\Desktop\FinalProject)
2023-07-09T11:20:18.295+03:00 DEBUG 1328 --- [           main] c.i.F.FinalProjectApplicationTests       : Running with Spring Boot v3.1.1-SNAPSHOT, Spring v6.0.10
2023-07-09T11:20:18.296+03:00  INFO 1328 --- [           main] c.i.F.FinalProjectApplicationTests       : No active profile set, falling back to 1 default profile: "default"
2023-07-09T11:20:18.298+03:00 DEBUG 1328 --- [           main] o.s.boot.SpringApplication               : Loading source class com.iulian.FinalProject.FinalProjectApplication
2023-07-09T11:20:18.349+03:00 DEBUG 1328 --- [           main] o.s.w.c.s.GenericWebApplicationContext   : Refreshing org.springframework.web.context.support.GenericWebApplicationContext@49bf29c6
2023-07-09T11:20:18.377+03:00 DEBUG 1328 --- [           main] o.s.b.f.s.DefaultListableBeanFactory     : Creating shared instance of singleton bean 'org.springframework.context.annotation.internalConfigurationAnnotationProcessor'
2023-07-09T11:20:18.396+03:00 DEBUG 1328 --- [           main] o.s.b.f.s.DefaultListableBeanFactory     : Creating shared instance of singleton bean 'org.springframework.boot.autoconfigure.internalCachingMetadataReaderFactory'
2023-07-09T11:20:18.445+03:00 DEBUG 1328 --- [           main] o.s.c.a.ClassPathBeanDefinitionScanner   : Identified candidate component class: file [C:\Users\ramez\OneDrive\Desktop\FinalProject\target\classes\com\iulian\FinalProject\controller\AuthenticationController.class]
2023-07-09T11:20:18.458+03:00 DEBUG 1328 --- [           main] o.s.c.a.ClassPathBeanDefinitionScanner   : Ignored because not a concrete top-level class: file [C:\Users\ramez\OneDrive\Desktop\FinalProject\target\classes\com\iulian\FinalProject\repository\ProductRepository.class]
2023-07-09T11:20:18.460+03:00 DEBUG 1328 --- [           main] o.s.c.a.ClassPathBeanDefinitionScanner   : Ignored because not a concrete top-level class: file [C:\Users\ramez\OneDrive\Desktop\FinalProject\target\classes\com\iulian\FinalProject\repository\UserRepository.class]
2023-07-09T11:20:18.470+03:00 DEBUG 1328 --- [           main] o.s.c.a.ClassPathBeanDefinitionScanner   : Identified candidate component class: file [C:\Users\ramez\OneDrive\Desktop\FinalProject\target\classes\com\iulian\FinalProject\security\SecurityConfig.class]
2023-07-09T11:20:18.472+03:00 DEBUG 1328 --- [           main] o.s.c.a.ClassPathBeanDefinitionScanner   : Identified candidate component class: file [C:\Users\ramez\OneDrive\Desktop\FinalProject\target\classes\com\iulian\FinalProject\service\ProductService.class]
2023-07-09T11:20:18.473+03:00 DEBUG 1328 --- [           main] o.s.c.a.ClassPathBeanDefinitionScanner   : Identified candidate component class: file [C:\Users\ramez\OneDrive\Desktop\FinalProject\target\classes\com\iulian\FinalProject\service\UserService.class]
2023-07-09T11:20:19.245+03:00  INFO 1328 --- [           main] .s.d.r.c.RepositoryConfigurationDelegate : Bootstrapping Spring Data JPA repositories in DEFAULT mode.
2023-07-09T11:20:19.255+03:00 DEBUG 1328 --- [           main] o.s.b.f.s.DefaultListableBeanFactory     : Creating shared instance of singleton bean 'org.springframework.boot.autoconfigure.AutoConfigurationPackages'
2023-07-09T11:20:19.265+03:00 DEBUG 1328 --- [           main] o.s.b.a.AutoConfigurationPackages        : @EnableAutoConfiguration was declared on a class in the package 'com.iulian.FinalProject'. Automatic @Repository and @Entity scanning is enabled.
2023-07-09T11:20:19.267+03:00 DEBUG 1328 --- [           main] .s.d.r.c.RepositoryConfigurationDelegate : Scanning for JPA repositories in packages com.iulian.FinalProject.
2023-07-09T11:20:19.279+03:00 DEBUG 1328 --- [           main] o.s.d.r.c.RepositoryComponentProvider    : Identified candidate component class: file [C:\Users\ramez\OneDrive\Desktop\FinalProject\target\classes\com\iulian\FinalProject\repository\ProductRepository.class]
2023-07-09T11:20:19.279+03:00 DEBUG 1328 --- [           main] o.s.d.r.c.RepositoryComponentProvider    : Identified candidate component class: file [C:\Users\ramez\OneDrive\Desktop\FinalProject\target\classes\com\iulian\FinalProject\repository\UserRepository.class]
2023-07-09T11:20:19.331+03:00  INFO 1328 --- [           main] .s.d.r.c.RepositoryConfigurationDelegate : Finished Spring Data repository scanning in 62 ms. Found 2 JPA repository interfaces.
2023-07-09T11:20:19.569+03:00 DEBUG 1328 --- [           main] o.s.b.f.s.DefaultListableBeanFactory     : Creating shared instance of singleton bean 'propertySourcesPlaceholderConfigurer'
2023-07-09T11:20:19.574+03:00 DEBUG 1328 --- [           main] o.s.b.f.s.DefaultListableBeanFactory     : Creating shared instance of singleton bean 'org.springframework.boot.test.mock.mockito.MockitoPostProcessor'
2023-07-09T11:20:19.576+03:00 DEBUG 1328 --- [           main] o.s.b.f.s.DefaultListableBeanFactory     : Creating shared instance of singleton bean 'emBeanDefinitionRegistrarPostProcessor'
2023-07-09T11:20:19.576+03:00 DEBUG 1328 --- [           main] o.s.b.f.s.DefaultListableBeanFactory     : Creating shared instance of singleton bean 'org.springframework.boot.sql.init.dependency.DatabaseInitializationDependencyConfigurer$DependsOnDatabaseInitializationPostProcessor'
2023-07-09T11:20:19.635+03:00 DEBUG 1328 --- [           main] o.s.b.f.s.DefaultListableBeanFactory     : Creating shared instance of singleton bean 'org.springframework.context.event.internalEventListenerProcessor'
2023-07-09T11:20:19.637+03:00 DEBUG 1328 --- [           main] o.s.b.f.s.DefaultListableBeanFactory     : Creating shared instance of singleton bean 'conversionServicePostProcessor'
2023-07-09T11:20:19.653+03:00 DEBUG 1328 --- [           main] o.s.b.f.s.DefaultListableBeanFactory     : Creating shared instance of singleton bean 'preserveErrorControllerTargetClassPostProcessor'
2023-07-09T11:20:19.654+03:00 DEBUG 1328 --- [           main] o.s.b.f.s.DefaultListableBeanFactory     : Creating shared instance of singleton bean 'org.springframework.context.event.internalEventListenerFactory'
2023-07-09T11:20:19.655+03:00 DEBUG 1328 --- [           main] o.s.b.f.s.DefaultListableBeanFactory     : Creating shared instance of singleton bean 'org.springframework.transaction.config.internalTransactionalEventListenerFactory'
2023-07-09T11:20:19.660+03:00 DEBUG 1328 --- [           main] o.s.b.f.s.DefaultListableBeanFactory     : Creating shared instance of singleton bean 'org.springframework.boot.test.mock.mockito.MockitoPostProcessor$SpyPostProcessor'
2023-07-09T11:20:19.661+03:00 DEBUG 1328 --- [           main] o.s.b.f.s.DefaultListableBeanFactory     : Creating shared instance of singleton bean 'org.springframework.context.annotation.internalAutowiredAnnotationProcessor'
2023-07-09T11:20:19.664+03:00 DEBUG 1328 --- [           main] o.s.b.f.s.DefaultListableBeanFactory     : Creating shared instance of singleton bean 'org.springframework.context.annotation.internalCommonAnnotationProcessor'
2023-07-09T11:20:19.669+03:00 DEBUG 1328 --- [           main] o.s.b.f.s.DefaultListableBeanFactory     : Creating shared instance of singleton bean 'org.springframework.context.annotation.internalPersistenceAnnotationProcessor'
2023-07-09T11:20:19.670+03:00 DEBUG 1328 --- [           main] o.s.b.f.s.DefaultListableBeanFactory     : Creating shared instance of singleton bean 'org.springframework.boot.context.properties.ConfigurationPropertiesBindingPostProcessor'
2023-07-09T11:20:19.670+03:00 DEBUG 1328 --- [           main] o.s.b.f.s.DefaultListableBeanFactory     : Creating shared instance of singleton bean 'org.springframework.boot.context.internalConfigurationPropertiesBinder'
2023-07-09T11:20:19.673+03:00 DEBUG 1328 --- [           main] o.s.b.f.s.DefaultListableBeanFactory     : Creating shared instance of singleton bean 'jdbcConnectionDetailsHikariBeanPostProcessor'
2023-07-09T11:20:19.677+03:00 DEBUG 1328 --- [           main] o.s.b.f.s.DefaultListableBeanFactory     : Creating shared instance of singleton bean 'org.springframework.aop.config.internalAutoProxyCreator'
2023-07-09T11:20:19.703+03:00 DEBUG 1328 --- [           main] o.s.b.f.s.DefaultListableBeanFactory     : Creating shared instance of singleton bean 'persistenceExceptionTranslationPostProcessor'
2023-07-09T11:20:19.715+03:00 DEBUG 1328 --- [           main] o.s.b.f.s.DefaultListableBeanFactory     : Autowiring by type from bean name 'persistenceExceptionTranslationPostProcessor' via factory method to bean named 'environment'
2023-07-09T11:20:19.721+03:00 DEBUG 1328 --- [           main] o.s.b.f.s.DefaultListableBeanFactory     : Creating shared instance of singleton bean 'webServerFactoryCustomizerBeanPostProcessor'
2023-07-09T11:20:19.722+03:00 DEBUG 1328 --- [           main] o.s.b.f.s.DefaultListableBeanFactory     : Creating shared instance of singleton bean 'errorPageRegistrarBeanPostProcessor'
2023-07-09T11:20:19.723+03:00 DEBUG 1328 --- [           main] o.s.b.f.s.DefaultListableBeanFactory     : Creating shared instance of singleton bean 'projectingArgumentResolverBeanPostProcessor'
2023-07-09T11:20:19.725+03:00 DEBUG 1328 --- [           main] o.s.b.f.s.DefaultListableBeanFactory     : Creating shared instance of singleton bean 'org.springframework.transaction.config.internalTransactionAdvisor'
2023-07-09T11:20:19.726+03:00 DEBUG 1328 --- [           main] o.s.b.f.s.DefaultListableBeanFactory     : Creating shared instance of singleton bean 'org.springframework.transaction.annotation.ProxyTransactionManagementConfiguration'
2023-07-09T11:20:19.736+03:00 DEBUG 1328 --- [           main] o.s.b.f.s.DefaultListableBeanFactory     : Creating shared instance of singleton bean 'transactionAttributeSource'
2023-07-09T11:20:19.738+03:00 DEBUG 1328 --- [           main] o.s.b.f.s.DefaultListableBeanFactory     : Creating shared instance of singleton bean 'transactionInterceptor'
2023-07-09T11:20:19.738+03:00 DEBUG 1328 --- [           main] o.s.b.f.s.DefaultListableBeanFactory     : Autowiring by type from bean name 'transactionInterceptor' via factory method to bean named 'transactionAttributeSource'
2023-07-09T11:20:19.745+03:00 DEBUG 1328 --- [           main] o.s.b.f.s.DefaultListableBeanFactory     : Autowiring by type from bean name 'org.springframework.transaction.config.internalTransactionAdvisor' via factory method to bean named 'transactionAttributeSource'
2023-07-09T11:20:19.746+03:00 DEBUG 1328 --- [           main] o.s.b.f.s.DefaultListableBeanFactory     : Autowiring by type from bean name 'org.springframework.transaction.config.internalTransactionAdvisor' via factory method to bean named 'transactionInterceptor'
2023-07-09T11:20:19.784+03:00 DEBUG 1328 --- [           main] o.s.u.c.s.UiApplicationContextUtils      : Unable to locate ThemeSource with name 'themeSource': using default [org.springframework.ui.context.support.ResourceBundleThemeSource@5f05c8d6]
2023-07-09T11:20:19.786+03:00 DEBUG 1328 --- [           main] o.s.b.f.s.DefaultListableBeanFactory     : Creating shared instance of singleton bean 'dataSourceScriptDatabaseInitializer'
2023-07-09T11:20:19.786+03:00 DEBUG 1328 --- [           main] o.s.b.f.s.DefaultListableBeanFactory     : Creating shared instance of singleton bean 'org.springframework.boot.autoconfigure.sql.init.DataSourceInitializationConfiguration'
2023-07-09T11:20:19.789+03:00 DEBUG 1328 --- [           main] o.s.b.f.s.DefaultListableBeanFactory     : Creating shared instance of singleton bean 'dataSource'
2023-07-09T11:20:19.789+03:00 DEBUG 1328 --- [           main] o.s.b.f.s.DefaultListableBeanFactory     : Creating shared instance of singleton bean 'org.springframework.boot.autoconfigure.jdbc.DataSourceConfiguration$Hikari'
2023-07-09T11:20:19.792+03:00 DEBUG 1328 --- [           main] o.s.b.f.s.DefaultListableBeanFactory     : Creating shared instance of singleton bean 'spring.datasource-org.springframework.boot.autoconfigure.jdbc.DataSourceProperties'
2023-07-09T11:20:19.794+03:00 DEBUG 1328 --- [           main] o.s.b.f.s.DefaultListableBeanFactory     : Creating shared instance of singleton bean 'org.springframework.boot.context.properties.BoundConfigurationProperties'
2023-07-09T11:20:19.817+03:00 DEBUG 1328 --- [           main] o.s.b.f.s.DefaultListableBeanFactory     : Creating shared instance of singleton bean 'jdbcConnectionDetails'
2023-07-09T11:20:19.818+03:00 DEBUG 1328 --- [           main] o.s.b.f.s.DefaultListableBeanFactory     : Creating shared instance of singleton bean 'org.springframework.boot.autoconfigure.jdbc.DataSourceAutoConfiguration$PooledDataSourceConfiguration'
2023-07-09T11:20:19.819+03:00 DEBUG 1328 --- [           main] o.s.b.f.s.DefaultListableBeanFactory     : Autowiring by type from bean name 'jdbcConnectionDetails' via factory method to bean named 'spring.datasource-org.springframework.boot.autoconfigure.jdbc.DataSourceProperties'
2023-07-09T11:20:19.821+03:00 DEBUG 1328 --- [           main] o.s.b.f.s.DefaultListableBeanFactory     : Autowiring by type from bean name 'dataSource' via factory method to bean named 'spring.datasource-org.springframework.boot.autoconfigure.jdbc.DataSourceProperties'
2023-07-09T11:20:19.821+03:00 DEBUG 1328 --- [           main] o.s.b.f.s.DefaultListableBeanFactory     : Autowiring by type from bean name 'dataSource' via factory method to bean named 'jdbcConnectionDetails'
2023-07-09T11:20:19.836+03:00 DEBUG 1328 --- [           main] com.zaxxer.hikari.HikariConfig           : Driver class org.postgresql.Driver found in Thread context class loader jdk.internal.loader.ClassLoaders$AppClassLoader@73d16e93
2023-07-09T11:20:19.863+03:00 DEBUG 1328 --- [           main] o.s.b.f.s.DefaultListableBeanFactory     : Creating shared instance of singleton bean 'spring.sql.init-org.springframework.boot.autoconfigure.sql.init.SqlInitializationProperties'
2023-07-09T11:20:19.866+03:00 DEBUG 1328 --- [           main] o.s.b.f.s.DefaultListableBeanFactory     : Autowiring by type from bean name 'dataSourceScriptDatabaseInitializer' via factory method to bean named 'dataSource'
2023-07-09T11:20:19.866+03:00 DEBUG 1328 --- [           main] o.s.b.f.s.DefaultListableBeanFactory     : Autowiring by type from bean name 'dataSourceScriptDatabaseInitializer' via factory method to bean named 'spring.sql.init-org.springframework.boot.autoconfigure.sql.init.SqlInitializationProperties'
2023-07-09T11:20:19.875+03:00 DEBUG 1328 --- [           main] o.s.b.f.s.DefaultListableBeanFactory     : Creating shared instance of singleton bean 'entityManagerFactory'
2023-07-09T11:20:19.876+03:00 DEBUG 1328 --- [           main] o.s.b.f.s.DefaultListableBeanFactory     : Creating shared instance of singleton bean 'org.springframework.boot.autoconfigure.orm.jpa.HibernateJpaConfiguration'
2023-07-09T11:20:19.878+03:00 DEBUG 1328 --- [           main] o.s.b.f.s.DefaultListableBeanFactory     : Creating shared instance of singleton bean 'spring.jpa-org.springframework.boot.autoconfigure.orm.jpa.JpaProperties'
2023-07-09T11:20:19.882+03:00 DEBUG 1328 --- [           main] o.s.b.f.s.DefaultListableBeanFactory     : Creating shared instance of singleton bean 'spring.jpa.hibernate-org.springframework.boot.autoconfigure.orm.jpa.HibernateProperties'
2023-07-09T11:20:19.886+03:00 DEBUG 1328 --- [           main] o.s.b.f.s.DefaultListableBeanFactory     : Autowiring by type from bean name 'org.springframework.boot.autoconfigure.orm.jpa.HibernateJpaConfiguration' via constructor to bean named 'dataSource'
2023-07-09T11:20:19.886+03:00 DEBUG 1328 --- [           main] o.s.b.f.s.DefaultListableBeanFactory     : Autowiring by type from bean name 'org.springframework.boot.autoconfigure.orm.jpa.HibernateJpaConfiguration' via constructor to bean named 'spring.jpa-org.springframework.boot.autoconfigure.orm.jpa.JpaProperties'
2023-07-09T11:20:19.886+03:00 DEBUG 1328 --- [           main] o.s.b.f.s.DefaultListableBeanFactory     : Autowiring by type from bean name 'org.springframework.boot.autoconfigure.orm.jpa.HibernateJpaConfiguration' via constructor to bean named 'org.springframework.beans.factory.support.DefaultListableBeanFactory@2234078'
2023-07-09T11:20:19.886+03:00 DEBUG 1328 --- [           main] o.s.b.f.s.DefaultListableBeanFactory     : Autowiring by type from bean name 'org.springframework.boot.autoconfigure.orm.jpa.HibernateJpaConfiguration' via constructor to bean named 'spring.jpa.hibernate-org.springframework.boot.autoconfigure.orm.jpa.HibernateProperties'
2023-07-09T11:20:19.889+03:00 DEBUG 1328 --- [           main] o.s.b.f.s.DefaultListableBeanFactory     : Creating shared instance of singleton bean 'hikariPoolDataSourceMetadataProvider'
2023-07-09T11:20:19.890+03:00 DEBUG 1328 --- [           main] o.s.b.f.s.DefaultListableBeanFactory     : Creating shared instance of singleton bean 'org.springframework.boot.autoconfigure.jdbc.metadata.DataSourcePoolMetadataProvidersConfiguration$HikariPoolDataSourceMetadataProviderConfiguration'
2023-07-09T11:20:19.898+03:00 DEBUG 1328 --- [           main] o.s.b.f.s.DefaultListableBeanFactory     : Creating shared instance of singleton bean 'entityManagerFactoryBuilder'
2023-07-09T11:20:19.900+03:00 DEBUG 1328 --- [           main] o.s.b.f.s.DefaultListableBeanFactory     : Creating shared instance of singleton bean 'jpaVendorAdapter'
2023-07-09T11:20:19.920+03:00 DEBUG 1328 --- [           main] org.jboss.logging                        : Logging Provider: org.jboss.logging.Slf4jLoggerProvider found via system property
2023-07-09T11:20:19.926+03:00 DEBUG 1328 --- [           main] o.s.b.f.s.DefaultListableBeanFactory     : Autowiring by type from bean name 'entityManagerFactoryBuilder' via factory method to bean named 'jpaVendorAdapter'
2023-07-09T11:20:19.931+03:00 DEBUG 1328 --- [           main] o.s.b.f.s.DefaultListableBeanFactory     : Creating shared instance of singleton bean 'persistenceManagedTypes'
2023-07-09T11:20:19.932+03:00 DEBUG 1328 --- [           main] o.s.b.f.s.DefaultListableBeanFactory     : Autowiring by type from bean name 'persistenceManagedTypes' via factory method to bean named 'org.springframework.beans.factory.support.DefaultListableBeanFactory@2234078'
2023-07-09T11:20:19.932+03:00 DEBUG 1328 --- [           main] o.s.b.f.s.DefaultListableBeanFactory     : Autowiring by type from bean name 'persistenceManagedTypes' via factory method to bean named 'org.springframework.web.context.support.GenericWebApplicationContext@49bf29c6'
2023-07-09T11:20:19.944+03:00 DEBUG 1328 --- [           main] o.s.b.f.s.DefaultListableBeanFactory     : Autowiring by type from bean name 'entityManagerFactory' via factory method to bean named 'entityManagerFactoryBuilder'
2023-07-09T11:20:19.945+03:00 DEBUG 1328 --- [           main] o.s.b.f.s.DefaultListableBeanFactory     : Autowiring by type from bean name 'entityManagerFactory' via factory method to bean named 'persistenceManagedTypes'
2023-07-09T11:20:19.971+03:00 DEBUG 1328 --- [           main] j.LocalContainerEntityManagerFactoryBean : Building JPA container EntityManagerFactory for persistence unit 'default'
2023-07-09T11:20:19.995+03:00 DEBUG 1328 --- [           main] o.hibernate.jpa.internal.util.LogHelper  : PersistenceUnitInfo [
	name: default
	persistence provider classname: null
	classloader: jdk.internal.loader.ClassLoaders$AppClassLoader@73d16e93
	excludeUnlistedClasses: true
	JTA datasource: null
	Non JTA datasource: HikariDataSource (null)
	Transaction type: RESOURCE_LOCAL
	PU root URL: file:/C:/Users/ramez/OneDrive/Desktop/FinalProject/target/test-classes/
	Shared Cache Mode: UNSPECIFIED
	Validation Mode: AUTO
	Jar files URLs []
	Managed classes names [
		com.iulian.FinalProject.model.Product
		com.iulian.FinalProject.model.Role
		com.iulian.FinalProject.model.User]
	Mapping files names []
	Properties []
2023-07-09T11:20:20.010+03:00 DEBUG 1328 --- [           main] o.h.i.internal.IntegratorServiceImpl     : Adding Integrator [org.hibernate.boot.beanvalidation.BeanValidationIntegrator].
2023-07-09T11:20:20.012+03:00 DEBUG 1328 --- [           main] o.h.i.internal.IntegratorServiceImpl     : Adding Integrator [org.hibernate.cache.internal.CollectionCacheInvalidator].
2023-07-09T11:20:20.075+03:00  INFO 1328 --- [           main] org.hibernate.Version                    : HHH000412: Hibernate ORM core version 6.2.5.Final
2023-07-09T11:20:20.077+03:00 DEBUG 1328 --- [           main] org.hibernate.cfg.Environment            : HHH000206: hibernate.properties not found
2023-07-09T11:20:20.079+03:00  INFO 1328 --- [           main] org.hibernate.cfg.Environment            : HHH000406: Using bytecode reflection optimizer
2023-07-09T11:20:20.120+03:00 DEBUG 1328 --- [           main] org.hibernate.orm.idgen.factory          : Registering IdentifierGenerator strategy [uuid2] -> [org.hibernate.id.UUIDGenerator]
2023-07-09T11:20:20.121+03:00 DEBUG 1328 --- [           main] org.hibernate.orm.idgen.factory          : Registering IdentifierGenerator strategy [guid] -> [org.hibernate.id.GUIDGenerator]
2023-07-09T11:20:20.123+03:00 DEBUG 1328 --- [           main] org.hibernate.orm.idgen.factory          : Registering IdentifierGenerator strategy [uuid] -> [org.hibernate.id.UUIDHexGenerator]
2023-07-09T11:20:20.124+03:00 DEBUG 1328 --- [           main] org.hibernate.orm.idgen.factory          : Registering IdentifierGenerator strategy [uuid.hex] -> [org.hibernate.id.UUIDHexGenerator]
2023-07-09T11:20:20.125+03:00 DEBUG 1328 --- [           main] org.hibernate.orm.idgen.factory          : Registering IdentifierGenerator strategy [assigned] -> [org.hibernate.id.Assigned]
2023-07-09T11:20:20.128+03:00 DEBUG 1328 --- [           main] org.hibernate.orm.idgen.factory          : Registering IdentifierGenerator strategy [identity] -> [org.hibernate.id.IdentityGenerator]
2023-07-09T11:20:20.129+03:00 DEBUG 1328 --- [           main] org.hibernate.orm.idgen.factory          : Registering IdentifierGenerator strategy [select] -> [org.hibernate.id.SelectGenerator]
2023-07-09T11:20:20.131+03:00 DEBUG 1328 --- [           main] org.hibernate.orm.idgen.factory          : Registering IdentifierGenerator strategy [sequence] -> [org.hibernate.id.enhanced.SequenceStyleGenerator]
2023-07-09T11:20:20.133+03:00 DEBUG 1328 --- [           main] org.hibernate.orm.idgen.factory          : Registering IdentifierGenerator strategy [increment] -> [org.hibernate.id.IncrementGenerator]
2023-07-09T11:20:20.133+03:00 DEBUG 1328 --- [           main] org.hibernate.orm.idgen.factory          : Registering IdentifierGenerator strategy [foreign] -> [org.hibernate.id.ForeignGenerator]
2023-07-09T11:20:20.134+03:00 DEBUG 1328 --- [           main] org.hibernate.orm.idgen.factory          : Registering IdentifierGenerator strategy [enhanced-sequence] -> [org.hibernate.id.enhanced.SequenceStyleGenerator]
2023-07-09T11:20:20.135+03:00 DEBUG 1328 --- [           main] org.hibernate.orm.idgen.factory          : Registering IdentifierGenerator strategy [enhanced-table] -> [org.hibernate.id.enhanced.TableGenerator]
2023-07-09T11:20:20.147+03:00 DEBUG 1328 --- [           main] o.h.c.internal.RegionFactoryInitiator    : Cannot default RegionFactory based on registered strategies as `[]` RegionFactory strategies were registered
2023-07-09T11:20:20.148+03:00 DEBUG 1328 --- [           main] o.h.c.internal.RegionFactoryInitiator    : Cache region factory : org.hibernate.cache.internal.NoCachingRegionFactory
2023-07-09T11:20:20.335+03:00 DEBUG 1328 --- [           main] org.hibernate.type.BasicTypeRegistry     : Adding type registration boolean -> org.hibernate.type.BasicTypeReference@552fee7a
2023-07-09T11:20:20.335+03:00 DEBUG 1328 --- [           main] org.hibernate.type.BasicTypeRegistry     : Adding type registration boolean -> org.hibernate.type.BasicTypeReference@552fee7a
2023-07-09T11:20:20.335+03:00 DEBUG 1328 --- [           main] org.hibernate.type.BasicTypeRegistry     : Adding type registration java.lang.Boolean -> org.hibernate.type.BasicTypeReference@552fee7a
2023-07-09T11:20:20.335+03:00 DEBUG 1328 --- [           main] org.hibernate.type.BasicTypeRegistry     : Adding type registration numeric_boolean -> org.hibernate.type.BasicTypeReference@548e43b1
2023-07-09T11:20:20.335+03:00 DEBUG 1328 --- [           main] org.hibernate.type.BasicTypeRegistry     : Adding type registration org.hibernate.type.NumericBooleanConverter -> org.hibernate.type.BasicTypeReference@548e43b1
2023-07-09T11:20:20.336+03:00 DEBUG 1328 --- [           main] org.hibernate.type.BasicTypeRegistry     : Adding type registration true_false -> org.hibernate.type.BasicTypeReference@67688110
2023-07-09T11:20:20.336+03:00 DEBUG 1328 --- [           main] org.hibernate.type.BasicTypeRegistry     : Adding type registration org.hibernate.type.TrueFalseConverter -> org.hibernate.type.BasicTypeReference@67688110
2023-07-09T11:20:20.336+03:00 DEBUG 1328 --- [           main] org.hibernate.type.BasicTypeRegistry     : Adding type registration yes_no -> org.hibernate.type.BasicTypeReference@6d293993
2023-07-09T11:20:20.336+03:00 DEBUG 1328 --- [           main] org.hibernate.type.BasicTypeRegistry     : Adding type registration org.hibernate.type.YesNoConverter -> org.hibernate.type.BasicTypeReference@6d293993
2023-07-09T11:20:20.336+03:00 DEBUG 1328 --- [           main] org.hibernate.type.BasicTypeRegistry     : Adding type registration byte -> org.hibernate.type.BasicTypeReference@475f5672
2023-07-09T11:20:20.336+03:00 DEBUG 1328 --- [           main] org.hibernate.type.BasicTypeRegistry     : Adding type registration byte -> org.hibernate.type.BasicTypeReference@475f5672
2023-07-09T11:20:20.336+03:00 DEBUG 1328 --- [           main] org.hibernate.type.BasicTypeRegistry     : Adding type registration java.lang.Byte -> org.hibernate.type.BasicTypeReference@475f5672
2023-07-09T11:20:20.336+03:00 DEBUG 1328 --- [           main] org.hibernate.type.BasicTypeRegistry     : Adding type registration binary -> org.hibernate.type.BasicTypeReference@616a06e3
2023-07-09T11:20:20.336+03:00 DEBUG 1328 --- [           main] org.hibernate.type.BasicTypeRegistry     : Adding type registration byte[] -> org.hibernate.type.BasicTypeReference@616a06e3
2023-07-09T11:20:20.336+03:00 DEBUG 1328 --- [           main] org.hibernate.type.BasicTypeRegistry     : Adding type registration [B -> org.hibernate.type.BasicTypeReference@616a06e3
2023-07-09T11:20:20.336+03:00 DEBUG 1328 --- [           main] org.hibernate.type.BasicTypeRegistry     : Adding type registration binary_wrapper -> org.hibernate.type.BasicTypeReference@42297bdf
2023-07-09T11:20:20.336+03:00 DEBUG 1328 --- [           main] org.hibernate.type.BasicTypeRegistry     : Adding type registration wrapper-binary -> org.hibernate.type.BasicTypeReference@42297bdf
2023-07-09T11:20:20.336+03:00 DEBUG 1328 --- [           main] org.hibernate.type.BasicTypeRegistry     : Adding type registration image -> org.hibernate.type.BasicTypeReference@66e827a8
2023-07-09T11:20:20.336+03:00 DEBUG 1328 --- [           main] org.hibernate.type.BasicTypeRegistry     : Adding type registration blob -> org.hibernate.type.BasicTypeReference@5bb911c1
2023-07-09T11:20:20.337+03:00 DEBUG 1328 --- [           main] org.hibernate.type.BasicTypeRegistry     : Adding type registration java.sql.Blob -> org.hibernate.type.BasicTypeReference@5bb911c1
2023-07-09T11:20:20.337+03:00 DEBUG 1328 --- [           main] org.hibernate.type.BasicTypeRegistry     : Adding type registration materialized_blob -> org.hibernate.type.BasicTypeReference@6a55594b
2023-07-09T11:20:20.337+03:00 DEBUG 1328 --- [           main] org.hibernate.type.BasicTypeRegistry     : Adding type registration materialized_blob_wrapper -> org.hibernate.type.BasicTypeReference@632b305d
2023-07-09T11:20:20.337+03:00 DEBUG 1328 --- [           main] org.hibernate.type.BasicTypeRegistry     : Adding type registration short -> org.hibernate.type.BasicTypeReference@44598ef7
2023-07-09T11:20:20.337+03:00 DEBUG 1328 --- [           main] org.hibernate.type.BasicTypeRegistry     : Adding type registration short -> org.hibernate.type.BasicTypeReference@44598ef7
2023-07-09T11:20:20.337+03:00 DEBUG 1328 --- [           main] org.hibernate.type.BasicTypeRegistry     : Adding type registration java.lang.Short -> org.hibernate.type.BasicTypeReference@44598ef7
2023-07-09T11:20:20.338+03:00 DEBUG 1328 --- [           main] org.hibernate.type.BasicTypeRegistry     : Adding type registration integer -> org.hibernate.type.BasicTypeReference@57fdb8a4
2023-07-09T11:20:20.338+03:00 DEBUG 1328 --- [           main] org.hibernate.type.BasicTypeRegistry     : Adding type registration int -> org.hibernate.type.BasicTypeReference@57fdb8a4
2023-07-09T11:20:20.338+03:00 DEBUG 1328 --- [           main] org.hibernate.type.BasicTypeRegistry     : Adding type registration java.lang.Integer -> org.hibernate.type.BasicTypeReference@57fdb8a4
2023-07-09T11:20:20.338+03:00 DEBUG 1328 --- [           main] org.hibernate.type.BasicTypeRegistry     : Adding type registration long -> org.hibernate.type.BasicTypeReference@17222c11
2023-07-09T11:20:20.338+03:00 DEBUG 1328 --- [           main] org.hibernate.type.BasicTypeRegistry     : Adding type registration long -> org.hibernate.type.BasicTypeReference@17222c11
2023-07-09T11:20:20.338+03:00 DEBUG 1328 --- [           main] org.hibernate.type.BasicTypeRegistry     : Adding type registration java.lang.Long -> org.hibernate.type.BasicTypeReference@17222c11
2023-07-09T11:20:20.338+03:00 DEBUG 1328 --- [           main] org.hibernate.type.BasicTypeRegistry     : Adding type registration float -> org.hibernate.type.BasicTypeReference@2db15f70
2023-07-09T11:20:20.338+03:00 DEBUG 1328 --- [           main] org.hibernate.type.BasicTypeRegistry     : Adding type registration float -> org.hibernate.type.BasicTypeReference@2db15f70
2023-07-09T11:20:20.338+03:00 DEBUG 1328 --- [           main] org.hibernate.type.BasicTypeRegistry     : Adding type registration java.lang.Float -> org.hibernate.type.BasicTypeReference@2db15f70
2023-07-09T11:20:20.339+03:00 DEBUG 1328 --- [           main] org.hibernate.type.BasicTypeRegistry     : Adding type registration double -> org.hibernate.type.BasicTypeReference@25974207
2023-07-09T11:20:20.339+03:00 DEBUG 1328 --- [           main] org.hibernate.type.BasicTypeRegistry     : Adding type registration double -> org.hibernate.type.BasicTypeReference@25974207
2023-07-09T11:20:20.339+03:00 DEBUG 1328 --- [           main] org.hibernate.type.BasicTypeRegistry     : Adding type registration java.lang.Double -> org.hibernate.type.BasicTypeReference@25974207
2023-07-09T11:20:20.339+03:00 DEBUG 1328 --- [           main] org.hibernate.type.BasicTypeRegistry     : Adding type registration big_integer -> org.hibernate.type.BasicTypeReference@1f15e689
2023-07-09T11:20:20.339+03:00 DEBUG 1328 --- [           main] org.hibernate.type.BasicTypeRegistry     : Adding type registration java.math.BigInteger -> org.hibernate.type.BasicTypeReference@1f15e689
2023-07-09T11:20:20.339+03:00 DEBUG 1328 --- [           main] org.hibernate.type.BasicTypeRegistry     : Adding type registration big_decimal -> org.hibernate.type.BasicTypeReference@195113de
2023-07-09T11:20:20.339+03:00 DEBUG 1328 --- [           main] org.hibernate.type.BasicTypeRegistry     : Adding type registration java.math.BigDecimal -> org.hibernate.type.BasicTypeReference@195113de
2023-07-09T11:20:20.339+03:00 DEBUG 1328 --- [           main] org.hibernate.type.BasicTypeRegistry     : Adding type registration character -> org.hibernate.type.BasicTypeReference@3ebc955b
2023-07-09T11:20:20.339+03:00 DEBUG 1328 --- [           main] org.hibernate.type.BasicTypeRegistry     : Adding type registration char -> org.hibernate.type.BasicTypeReference@3ebc955b
2023-07-09T11:20:20.340+03:00 DEBUG 1328 --- [           main] org.hibernate.type.BasicTypeRegistry     : Adding type registration java.lang.Character -> org.hibernate.type.BasicTypeReference@3ebc955b
2023-07-09T11:20:20.340+03:00 DEBUG 1328 --- [           main] org.hibernate.type.BasicTypeRegistry     : Adding type registration character_nchar -> org.hibernate.type.BasicTypeReference@21a46ff1
2023-07-09T11:20:20.340+03:00 DEBUG 1328 --- [           main] org.hibernate.type.BasicTypeRegistry     : Adding type registration string -> org.hibernate.type.BasicTypeReference@11b5f4e2
2023-07-09T11:20:20.340+03:00 DEBUG 1328 --- [           main] org.hibernate.type.BasicTypeRegistry     : Adding type registration java.lang.String -> org.hibernate.type.BasicTypeReference@11b5f4e2
2023-07-09T11:20:20.340+03:00 DEBUG 1328 --- [           main] org.hibernate.type.BasicTypeRegistry     : Adding type registration nstring -> org.hibernate.type.BasicTypeReference@6bcae9
2023-07-09T11:20:20.340+03:00 DEBUG 1328 --- [           main] org.hibernate.type.BasicTypeRegistry     : Adding type registration characters -> org.hibernate.type.BasicTypeReference@5aa781f2
2023-07-09T11:20:20.340+03:00 DEBUG 1328 --- [           main] org.hibernate.type.BasicTypeRegistry     : Adding type registration char[] -> org.hibernate.type.BasicTypeReference@5aa781f2
2023-07-09T11:20:20.340+03:00 DEBUG 1328 --- [           main] org.hibernate.type.BasicTypeRegistry     : Adding type registration [C -> org.hibernate.type.BasicTypeReference@5aa781f2
2023-07-09T11:20:20.340+03:00 DEBUG 1328 --- [           main] org.hibernate.type.BasicTypeRegistry     : Adding type registration wrapper-characters -> org.hibernate.type.BasicTypeReference@58feb6b0
2023-07-09T11:20:20.340+03:00 DEBUG 1328 --- [           main] org.hibernate.type.BasicTypeRegistry     : Adding type registration text -> org.hibernate.type.BasicTypeReference@66d25ba9
2023-07-09T11:20:20.341+03:00 DEBUG 1328 --- [           main] org.hibernate.type.BasicTypeRegistry     : Adding type registration ntext -> org.hibernate.type.BasicTypeReference@3830f918
2023-07-09T11:20:20.341+03:00 DEBUG 1328 --- [           main] org.hibernate.type.BasicTypeRegistry     : Adding type registration clob -> org.hibernate.type.BasicTypeReference@5efe47fd
2023-07-09T11:20:20.341+03:00 DEBUG 1328 --- [           main] org.hibernate.type.BasicTypeRegistry     : Adding type registration java.sql.Clob -> org.hibernate.type.BasicTypeReference@5efe47fd
2023-07-09T11:20:20.341+03:00 DEBUG 1328 --- [           main] org.hibernate.type.BasicTypeRegistry     : Adding type registration nclob -> org.hibernate.type.BasicTypeReference@739831a4
2023-07-09T11:20:20.341+03:00 DEBUG 1328 --- [           main] org.hibernate.type.BasicTypeRegistry     : Adding type registration java.sql.NClob -> org.hibernate.type.BasicTypeReference@739831a4
2023-07-09T11:20:20.341+03:00 DEBUG 1328 --- [           main] org.hibernate.type.BasicTypeRegistry     : Adding type registration materialized_clob -> org.hibernate.type.BasicTypeReference@7e3236d
2023-07-09T11:20:20.341+03:00 DEBUG 1328 --- [           main] org.hibernate.type.BasicTypeRegistry     : Adding type registration materialized_clob_char_array -> org.hibernate.type.BasicTypeReference@38a4e2b0
2023-07-09T11:20:20.341+03:00 DEBUG 1328 --- [           main] org.hibernate.type.BasicTypeRegistry     : Adding type registration materialized_clob_character_array -> org.hibernate.type.BasicTypeReference@14c99bf6
2023-07-09T11:20:20.341+03:00 DEBUG 1328 --- [           main] org.hibernate.type.BasicTypeRegistry     : Adding type registration materialized_nclob -> org.hibernate.type.BasicTypeReference@266e9dda
2023-07-09T11:20:20.341+03:00 DEBUG 1328 --- [           main] org.hibernate.type.BasicTypeRegistry     : Adding type registration materialized_nclob_character_array -> org.hibernate.type.BasicTypeReference@38883a31
2023-07-09T11:20:20.341+03:00 DEBUG 1328 --- [           main] org.hibernate.type.BasicTypeRegistry     : Adding type registration materialized_nclob_char_array -> org.hibernate.type.BasicTypeReference@27a6fef2
2023-07-09T11:20:20.342+03:00 DEBUG 1328 --- [           main] org.hibernate.type.BasicTypeRegistry     : Adding type registration Duration -> org.hibernate.type.BasicTypeReference@7fe8c7db
2023-07-09T11:20:20.342+03:00 DEBUG 1328 --- [           main] org.hibernate.type.BasicTypeRegistry     : Adding type registration java.time.Duration -> org.hibernate.type.BasicTypeReference@7fe8c7db
2023-07-09T11:20:20.342+03:00 DEBUG 1328 --- [           main] org.hibernate.type.BasicTypeRegistry     : Adding type registration LocalDateTime -> org.hibernate.type.BasicTypeReference@2dba05b1
2023-07-09T11:20:20.342+03:00 DEBUG 1328 --- [           main] org.hibernate.type.BasicTypeRegistry     : Adding type registration java.time.LocalDateTime -> org.hibernate.type.BasicTypeReference@2dba05b1
2023-07-09T11:20:20.342+03:00 DEBUG 1328 --- [           main] org.hibernate.type.BasicTypeRegistry     : Adding type registration LocalDate -> org.hibernate.type.BasicTypeReference@541afb85
2023-07-09T11:20:20.342+03:00 DEBUG 1328 --- [           main] org.hibernate.type.BasicTypeRegistry     : Adding type registration java.time.LocalDate -> org.hibernate.type.BasicTypeReference@541afb85
2023-07-09T11:20:20.342+03:00 DEBUG 1328 --- [           main] org.hibernate.type.BasicTypeRegistry     : Adding type registration LocalTime -> org.hibernate.type.BasicTypeReference@445bce9a
2023-07-09T11:20:20.342+03:00 DEBUG 1328 --- [           main] org.hibernate.type.BasicTypeRegistry     : Adding type registration java.time.LocalTime -> org.hibernate.type.BasicTypeReference@445bce9a
2023-07-09T11:20:20.342+03:00 DEBUG 1328 --- [           main] org.hibernate.type.BasicTypeRegistry     : Adding type registration OffsetDateTime -> org.hibernate.type.BasicTypeReference@7db40fd5
2023-07-09T11:20:20.342+03:00 DEBUG 1328 --- [           main] org.hibernate.type.BasicTypeRegistry     : Adding type registration java.time.OffsetDateTime -> org.hibernate.type.BasicTypeReference@7db40fd5
2023-07-09T11:20:20.342+03:00 DEBUG 1328 --- [           main] org.hibernate.type.BasicTypeRegistry     : Adding type registration OffsetDateTimeWithTimezone -> org.hibernate.type.BasicTypeReference@5e1a5f
2023-07-09T11:20:20.343+03:00 DEBUG 1328 --- [           main] org.hibernate.type.BasicTypeRegistry     : Adding type registration OffsetDateTimeWithoutTimezone -> org.hibernate.type.BasicTypeReference@31b0f02
2023-07-09T11:20:20.343+03:00 DEBUG 1328 --- [           main] org.hibernate.type.BasicTypeRegistry     : Adding type registration OffsetTime -> org.hibernate.type.BasicTypeReference@19ae2ee5
2023-07-09T11:20:20.343+03:00 DEBUG 1328 --- [           main] org.hibernate.type.BasicTypeRegistry     : Adding type registration java.time.OffsetTime -> org.hibernate.type.BasicTypeReference@19ae2ee5
2023-07-09T11:20:20.343+03:00 DEBUG 1328 --- [           main] org.hibernate.type.BasicTypeRegistry     : Adding type registration OffsetTimeUtc -> org.hibernate.type.BasicTypeReference@44b940a2
2023-07-09T11:20:20.343+03:00 DEBUG 1328 --- [           main] org.hibernate.type.BasicTypeRegistry     : Adding type registration OffsetTimeWithTimezone -> org.hibernate.type.BasicTypeReference@34c53688
2023-07-09T11:20:20.343+03:00 DEBUG 1328 --- [           main] org.hibernate.type.BasicTypeRegistry     : Adding type registration OffsetTimeWithoutTimezone -> org.hibernate.type.BasicTypeReference@6ffd4c0d
2023-07-09T11:20:20.343+03:00 DEBUG 1328 --- [           main] org.hibernate.type.BasicTypeRegistry     : Adding type registration ZonedDateTime -> org.hibernate.type.BasicTypeReference@74c9e11
2023-07-09T11:20:20.343+03:00 DEBUG 1328 --- [           main] org.hibernate.type.BasicTypeRegistry     : Adding type registration java.time.ZonedDateTime -> org.hibernate.type.BasicTypeReference@74c9e11
2023-07-09T11:20:20.343+03:00 DEBUG 1328 --- [           main] org.hibernate.type.BasicTypeRegistry     : Adding type registration ZonedDateTimeWithTimezone -> org.hibernate.type.BasicTypeReference@9fe720a
2023-07-09T11:20:20.343+03:00 DEBUG 1328 --- [           main] org.hibernate.type.BasicTypeRegistry     : Adding type registration ZonedDateTimeWithoutTimezone -> org.hibernate.type.BasicTypeReference@149274cb
2023-07-09T11:20:20.343+03:00 DEBUG 1328 --- [           main] org.hibernate.type.BasicTypeRegistry     : Adding type registration date -> org.hibernate.type.BasicTypeReference@118acf70
2023-07-09T11:20:20.343+03:00 DEBUG 1328 --- [           main] org.hibernate.type.BasicTypeRegistry     : Adding type registration java.sql.Date -> org.hibernate.type.BasicTypeReference@118acf70
2023-07-09T11:20:20.344+03:00 DEBUG 1328 --- [           main] org.hibernate.type.BasicTypeRegistry     : Adding type registration time -> org.hibernate.type.BasicTypeReference@72557746
2023-07-09T11:20:20.344+03:00 DEBUG 1328 --- [           main] org.hibernate.type.BasicTypeRegistry     : Adding type registration java.sql.Time -> org.hibernate.type.BasicTypeReference@72557746
2023-07-09T11:20:20.344+03:00 DEBUG 1328 --- [           main] org.hibernate.type.BasicTypeRegistry     : Adding type registration timestamp -> org.hibernate.type.BasicTypeReference@8c12524
2023-07-09T11:20:20.344+03:00 DEBUG 1328 --- [           main] org.hibernate.type.BasicTypeRegistry     : Adding type registration java.sql.Timestamp -> org.hibernate.type.BasicTypeReference@8c12524
2023-07-09T11:20:20.344+03:00 DEBUG 1328 --- [           main] org.hibernate.type.BasicTypeRegistry     : Adding type registration java.util.Date -> org.hibernate.type.BasicTypeReference@8c12524
2023-07-09T11:20:20.344+03:00 DEBUG 1328 --- [           main] org.hibernate.type.BasicTypeRegistry     : Adding type registration calendar -> org.hibernate.type.BasicTypeReference@f723cdb
2023-07-09T11:20:20.344+03:00 DEBUG 1328 --- [           main] org.hibernate.type.BasicTypeRegistry     : Adding type registration java.util.Calendar -> org.hibernate.type.BasicTypeReference@f723cdb
2023-07-09T11:20:20.344+03:00 DEBUG 1328 --- [           main] org.hibernate.type.BasicTypeRegistry     : Adding type registration java.util.GregorianCalendar -> org.hibernate.type.BasicTypeReference@f723cdb
2023-07-09T11:20:20.344+03:00 DEBUG 1328 --- [           main] org.hibernate.type.BasicTypeRegistry     : Adding type registration calendar_date -> org.hibernate.type.BasicTypeReference@4844930a
2023-07-09T11:20:20.344+03:00 DEBUG 1328 --- [           main] org.hibernate.type.BasicTypeRegistry     : Adding type registration calendar_time -> org.hibernate.type.BasicTypeReference@11f23203
2023-07-09T11:20:20.344+03:00 DEBUG 1328 --- [           main] org.hibernate.type.BasicTypeRegistry     : Adding type registration instant -> org.hibernate.type.BasicTypeReference@101bdd1c
2023-07-09T11:20:20.344+03:00 DEBUG 1328 --- [           main] org.hibernate.type.BasicTypeRegistry     : Adding type registration java.time.Instant -> org.hibernate.type.BasicTypeReference@101bdd1c
2023-07-09T11:20:20.344+03:00 DEBUG 1328 --- [           main] org.hibernate.type.BasicTypeRegistry     : Adding type registration uuid -> org.hibernate.type.BasicTypeReference@e91af20
2023-07-09T11:20:20.344+03:00 DEBUG 1328 --- [           main] org.hibernate.type.BasicTypeRegistry     : Adding type registration java.util.UUID -> org.hibernate.type.BasicTypeReference@e91af20
2023-07-09T11:20:20.344+03:00 DEBUG 1328 --- [           main] org.hibernate.type.BasicTypeRegistry     : Adding type registration pg-uuid -> org.hibernate.type.BasicTypeReference@e91af20
2023-07-09T11:20:20.345+03:00 DEBUG 1328 --- [           main] org.hibernate.type.BasicTypeRegistry     : Adding type registration uuid-binary -> org.hibernate.type.BasicTypeReference@6221b13b
2023-07-09T11:20:20.345+03:00 DEBUG 1328 --- [           main] org.hibernate.type.BasicTypeRegistry     : Adding type registration uuid-char -> org.hibernate.type.BasicTypeReference@62c3f556
2023-07-09T11:20:20.345+03:00 DEBUG 1328 --- [           main] org.hibernate.type.BasicTypeRegistry     : Adding type registration class -> org.hibernate.type.BasicTypeReference@2cfe272f
2023-07-09T11:20:20.345+03:00 DEBUG 1328 --- [           main] org.hibernate.type.BasicTypeRegistry     : Adding type registration java.lang.Class -> org.hibernate.type.BasicTypeReference@2cfe272f
2023-07-09T11:20:20.345+03:00 DEBUG 1328 --- [           main] org.hibernate.type.BasicTypeRegistry     : Adding type registration currency -> org.hibernate.type.BasicTypeReference@2f95653f
2023-07-09T11:20:20.345+03:00 DEBUG 1328 --- [           main] org.hibernate.type.BasicTypeRegistry     : Adding type registration Currency -> org.hibernate.type.BasicTypeReference@2f95653f
2023-07-09T11:20:20.345+03:00 DEBUG 1328 --- [           main] org.hibernate.type.BasicTypeRegistry     : Adding type registration java.util.Currency -> org.hibernate.type.BasicTypeReference@2f95653f
2023-07-09T11:20:20.345+03:00 DEBUG 1328 --- [           main] org.hibernate.type.BasicTypeRegistry     : Adding type registration locale -> org.hibernate.type.BasicTypeReference@4052b19f
2023-07-09T11:20:20.345+03:00 DEBUG 1328 --- [           main] org.hibernate.type.BasicTypeRegistry     : Adding type registration java.util.Locale -> org.hibernate.type.BasicTypeReference@4052b19f
2023-07-09T11:20:20.345+03:00 DEBUG 1328 --- [           main] org.hibernate.type.BasicTypeRegistry     : Adding type registration serializable -> org.hibernate.type.BasicTypeReference@3dc68586
2023-07-09T11:20:20.345+03:00 DEBUG 1328 --- [           main] org.hibernate.type.BasicTypeRegistry     : Adding type registration java.io.Serializable -> org.hibernate.type.BasicTypeReference@3dc68586
2023-07-09T11:20:20.345+03:00 DEBUG 1328 --- [           main] org.hibernate.type.BasicTypeRegistry     : Adding type registration timezone -> org.hibernate.type.BasicTypeReference@60dc1a4e
2023-07-09T11:20:20.345+03:00 DEBUG 1328 --- [           main] org.hibernate.type.BasicTypeRegistry     : Adding type registration java.util.TimeZone -> org.hibernate.type.BasicTypeReference@60dc1a4e
2023-07-09T11:20:20.346+03:00 DEBUG 1328 --- [           main] org.hibernate.type.BasicTypeRegistry     : Adding type registration ZoneOffset -> org.hibernate.type.BasicTypeReference@646427f7
2023-07-09T11:20:20.346+03:00 DEBUG 1328 --- [           main] org.hibernate.type.BasicTypeRegistry     : Adding type registration java.time.ZoneOffset -> org.hibernate.type.BasicTypeReference@646427f7
2023-07-09T11:20:20.346+03:00 DEBUG 1328 --- [           main] org.hibernate.type.BasicTypeRegistry     : Adding type registration url -> org.hibernate.type.BasicTypeReference@31efacad
2023-07-09T11:20:20.346+03:00 DEBUG 1328 --- [           main] org.hibernate.type.BasicTypeRegistry     : Adding type registration java.net.URL -> org.hibernate.type.BasicTypeReference@31efacad
2023-07-09T11:20:20.346+03:00 DEBUG 1328 --- [           main] org.hibernate.type.BasicTypeRegistry     : Adding type registration row_version -> org.hibernate.type.BasicTypeReference@380ce5a3
2023-07-09T11:20:20.353+03:00 DEBUG 1328 --- [           main] org.hibernate.type.BasicTypeRegistry     : Adding type registration object -> org.hibernate.type.JavaObjectType@268c030f
2023-07-09T11:20:20.354+03:00 DEBUG 1328 --- [           main] org.hibernate.type.BasicTypeRegistry     : Adding type registration java.lang.Object -> org.hibernate.type.JavaObjectType@268c030f
2023-07-09T11:20:20.356+03:00 DEBUG 1328 --- [           main] org.hibernate.type.BasicTypeRegistry     : Adding type registration null -> org.hibernate.type.NullType@2a0ea492
2023-07-09T11:20:20.356+03:00 DEBUG 1328 --- [           main] org.hibernate.type.BasicTypeRegistry     : Adding type registration imm_date -> org.hibernate.type.BasicTypeReference@7e52a26b
2023-07-09T11:20:20.356+03:00 DEBUG 1328 --- [           main] org.hibernate.type.BasicTypeRegistry     : Adding type registration imm_time -> org.hibernate.type.BasicTypeReference@2e56b4d
2023-07-09T11:20:20.356+03:00 DEBUG 1328 --- [           main] org.hibernate.type.BasicTypeRegistry     : Adding type registration imm_timestamp -> org.hibernate.type.BasicTypeReference@3f857e08
2023-07-09T11:20:20.357+03:00 DEBUG 1328 --- [           main] org.hibernate.type.BasicTypeRegistry     : Adding type registration imm_calendar -> org.hibernate.type.BasicTypeReference@6070775e
2023-07-09T11:20:20.357+03:00 DEBUG 1328 --- [           main] org.hibernate.type.BasicTypeRegistry     : Adding type registration imm_calendar_date -> org.hibernate.type.BasicTypeReference@b5ac0c1
2023-07-09T11:20:20.357+03:00 DEBUG 1328 --- [           main] org.hibernate.type.BasicTypeRegistry     : Adding type registration imm_calendar_time -> org.hibernate.type.BasicTypeReference@224c7de4
2023-07-09T11:20:20.357+03:00 DEBUG 1328 --- [           main] org.hibernate.type.BasicTypeRegistry     : Adding type registration imm_binary -> org.hibernate.type.BasicTypeReference@36ad229b
2023-07-09T11:20:20.357+03:00 DEBUG 1328 --- [           main] org.hibernate.type.BasicTypeRegistry     : Adding type registration imm_serializable -> org.hibernate.type.BasicTypeReference@55846997
2023-07-09T11:20:20.375+03:00 DEBUG 1328 --- [           main] o.h.boot.internal.BootstrapContextImpl   : Injecting JPA temp ClassLoader [org.springframework.instrument.classloading.SimpleThrowawayClassLoader@16a3cc88] into BootstrapContext; was [null]
2023-07-09T11:20:20.375+03:00 DEBUG 1328 --- [           main] o.h.boot.internal.ClassLoaderAccessImpl  : ClassLoaderAccessImpl#injectTempClassLoader(org.springframework.instrument.classloading.SimpleThrowawayClassLoader@16a3cc88) [was null]
2023-07-09T11:20:20.376+03:00 DEBUG 1328 --- [           main] o.h.boot.internal.BootstrapContextImpl   : Injecting ScanEnvironment [org.hibernate.jpa.boot.internal.StandardJpaScanEnvironmentImpl@740a0d5e] into BootstrapContext; was [null]
2023-07-09T11:20:20.376+03:00 DEBUG 1328 --- [           main] o.h.boot.internal.BootstrapContextImpl   : Injecting ScanOptions [org.hibernate.boot.archive.scan.internal.StandardScanOptions@29013ef2] into BootstrapContext; was [org.hibernate.boot.archive.scan.internal.StandardScanOptions@265c1a7c]
2023-07-09T11:20:20.408+03:00  INFO 1328 --- [           main] o.h.b.i.BytecodeProviderInitiator        : HHH000021: Bytecode provider name : bytebuddy
2023-07-09T11:20:20.596+03:00  INFO 1328 --- [           main] o.s.o.j.p.SpringPersistenceUnitInfo      : No LoadTimeWeaver setup: ignoring JPA class transformer
2023-07-09T11:20:20.596+03:00 DEBUG 1328 --- [           main] o.h.boot.internal.BootstrapContextImpl   : Injecting JPA temp ClassLoader [null] into BootstrapContext; was [org.springframework.instrument.classloading.SimpleThrowawayClassLoader@16a3cc88]
2023-07-09T11:20:20.596+03:00 DEBUG 1328 --- [           main] o.h.boot.internal.ClassLoaderAccessImpl  : ClassLoaderAccessImpl#injectTempClassLoader(null) [was org.springframework.instrument.classloading.SimpleThrowawayClassLoader@16a3cc88]
2023-07-09T11:20:20.618+03:00 DEBUG 1328 --- [           main] com.zaxxer.hikari.HikariConfig           : HikariPool-1 - configuration:
2023-07-09T11:20:20.625+03:00 DEBUG 1328 --- [           main] com.zaxxer.hikari.HikariConfig           : allowPoolSuspension.............false
2023-07-09T11:20:20.625+03:00 DEBUG 1328 --- [           main] com.zaxxer.hikari.HikariConfig           : autoCommit......................true
2023-07-09T11:20:20.625+03:00 DEBUG 1328 --- [           main] com.zaxxer.hikari.HikariConfig           : catalog.........................none
2023-07-09T11:20:20.625+03:00 DEBUG 1328 --- [           main] com.zaxxer.hikari.HikariConfig           : connectionInitSql...............none
2023-07-09T11:20:20.625+03:00 DEBUG 1328 --- [           main] com.zaxxer.hikari.HikariConfig           : connectionTestQuery.............none
2023-07-09T11:20:20.626+03:00 DEBUG 1328 --- [           main] com.zaxxer.hikari.HikariConfig           : connectionTimeout...............30000
2023-07-09T11:20:20.626+03:00 DEBUG 1328 --- [           main] com.zaxxer.hikari.HikariConfig           : dataSource......................none
2023-07-09T11:20:20.626+03:00 DEBUG 1328 --- [           main] com.zaxxer.hikari.HikariConfig           : dataSourceClassName.............none
2023-07-09T11:20:20.626+03:00 DEBUG 1328 --- [           main] com.zaxxer.hikari.HikariConfig           : dataSourceJNDI..................none
2023-07-09T11:20:20.626+03:00 DEBUG 1328 --- [           main] com.zaxxer.hikari.HikariConfig           : dataSourceProperties............{password=<masked>}
2023-07-09T11:20:20.627+03:00 DEBUG 1328 --- [           main] com.zaxxer.hikari.HikariConfig           : driverClassName................."org.postgresql.Driver"
2023-07-09T11:20:20.627+03:00 DEBUG 1328 --- [           main] com.zaxxer.hikari.HikariConfig           : exceptionOverrideClassName......none
2023-07-09T11:20:20.627+03:00 DEBUG 1328 --- [           main] com.zaxxer.hikari.HikariConfig           : healthCheckProperties...........{}
2023-07-09T11:20:20.627+03:00 DEBUG 1328 --- [           main] com.zaxxer.hikari.HikariConfig           : healthCheckRegistry.............none
2023-07-09T11:20:20.627+03:00 DEBUG 1328 --- [           main] com.zaxxer.hikari.HikariConfig           : idleTimeout.....................600000
2023-07-09T11:20:20.627+03:00 DEBUG 1328 --- [           main] com.zaxxer.hikari.HikariConfig           : initializationFailTimeout.......1
2023-07-09T11:20:20.627+03:00 DEBUG 1328 --- [           main] com.zaxxer.hikari.HikariConfig           : isolateInternalQueries..........false
2023-07-09T11:20:20.628+03:00 DEBUG 1328 --- [           main] com.zaxxer.hikari.HikariConfig           : jdbcUrl.........................jdbc:postgresql://localhost:5432/users
2023-07-09T11:20:20.628+03:00 DEBUG 1328 --- [           main] com.zaxxer.hikari.HikariConfig           : keepaliveTime...................0
2023-07-09T11:20:20.628+03:00 DEBUG 1328 --- [           main] com.zaxxer.hikari.HikariConfig           : leakDetectionThreshold..........0
2023-07-09T11:20:20.628+03:00 DEBUG 1328 --- [           main] com.zaxxer.hikari.HikariConfig           : maxLifetime.....................1800000
2023-07-09T11:20:20.628+03:00 DEBUG 1328 --- [           main] com.zaxxer.hikari.HikariConfig           : maximumPoolSize.................10
2023-07-09T11:20:20.628+03:00 DEBUG 1328 --- [           main] com.zaxxer.hikari.HikariConfig           : metricRegistry..................none
2023-07-09T11:20:20.628+03:00 DEBUG 1328 --- [           main] com.zaxxer.hikari.HikariConfig           : metricsTrackerFactory...........none
2023-07-09T11:20:20.628+03:00 DEBUG 1328 --- [           main] com.zaxxer.hikari.HikariConfig           : minimumIdle.....................10
2023-07-09T11:20:20.628+03:00 DEBUG 1328 --- [           main] com.zaxxer.hikari.HikariConfig           : password........................<masked>
2023-07-09T11:20:20.628+03:00 DEBUG 1328 --- [           main] com.zaxxer.hikari.HikariConfig           : poolName........................"HikariPool-1"
2023-07-09T11:20:20.629+03:00 DEBUG 1328 --- [           main] com.zaxxer.hikari.HikariConfig           : readOnly........................false
2023-07-09T11:20:20.629+03:00 DEBUG 1328 --- [           main] com.zaxxer.hikari.HikariConfig           : registerMbeans..................false
2023-07-09T11:20:20.629+03:00 DEBUG 1328 --- [           main] com.zaxxer.hikari.HikariConfig           : scheduledExecutor...............none
2023-07-09T11:20:20.629+03:00 DEBUG 1328 --- [           main] com.zaxxer.hikari.HikariConfig           : schema..........................none
2023-07-09T11:20:20.629+03:00 DEBUG 1328 --- [           main] com.zaxxer.hikari.HikariConfig           : threadFactory...................internal
2023-07-09T11:20:20.629+03:00 DEBUG 1328 --- [           main] com.zaxxer.hikari.HikariConfig           : transactionIsolation............default
2023-07-09T11:20:20.629+03:00 DEBUG 1328 --- [           main] com.zaxxer.hikari.HikariConfig           : username........................"postgres"
2023-07-09T11:20:20.629+03:00 DEBUG 1328 --- [           main] com.zaxxer.hikari.HikariConfig           : validationTimeout...............5000
2023-07-09T11:20:20.629+03:00  INFO 1328 --- [           main] com.zaxxer.hikari.HikariDataSource       : HikariPool-1 - Starting...
2023-07-09T11:20:20.650+03:00 DEBUG 1328 --- [           main] org.postgresql.Driver                    : Loading driver configuration via classloader jdk.internal.loader.ClassLoaders$AppClassLoader@73d16e93
2023-07-09T11:20:20.651+03:00 DEBUG 1328 --- [           main] org.postgresql.Driver                    : Connecting with URL: jdbc:postgresql://localhost:5432/users
2023-07-09T11:20:20.666+03:00 DEBUG 1328 --- [           main] org.postgresql.jdbc.PgConnection         : PostgreSQL JDBC Driver 42.6.0
2023-07-09T11:20:20.667+03:00 DEBUG 1328 --- [           main] org.postgresql.jdbc.PgConnection         :   setDefaultFetchSize = 0
2023-07-09T11:20:20.667+03:00 DEBUG 1328 --- [           main] org.postgresql.jdbc.PgConnection         :   setPrepareThreshold = 5
2023-07-09T11:20:20.677+03:00 DEBUG 1328 --- [           main] o.p.core.v3.ConnectionFactoryImpl        : Trying to establish a protocol version 3 connection to localhost:5432
2023-07-09T11:20:20.698+03:00 DEBUG 1328 --- [           main] o.p.core.v3.ConnectionFactoryImpl        : Receive Buffer Size is 65,536
2023-07-09T11:20:20.698+03:00 DEBUG 1328 --- [           main] o.p.core.v3.ConnectionFactoryImpl        : Send Buffer Size is 65,536
2023-07-09T11:20:21.031+03:00  INFO 1328 --- [           main] com.zaxxer.hikari.pool.HikariPool        : HikariPool-1 - Added connection org.postgresql.jdbc.PgConnection@38089dae
2023-07-09T11:20:21.033+03:00  INFO 1328 --- [           main] com.zaxxer.hikari.HikariDataSource       : HikariPool-1 - Start completed.
2023-07-09T11:20:21.042+03:00 DEBUG 1328 --- [           main] o.h.e.j.e.i.JdbcEnvironmentInitiator     : Database ->
       name : PostgreSQL
    version : 15.3
      major : 15
      minor : 3
2023-07-09T11:20:21.042+03:00 DEBUG 1328 --- [           main] o.h.e.j.e.i.JdbcEnvironmentInitiator     : Driver ->
       name : PostgreSQL JDBC Driver
    version : 42.6.0
      major : 42
      minor : 6
2023-07-09T11:20:21.043+03:00 DEBUG 1328 --- [           main] o.h.e.j.e.i.JdbcEnvironmentInitiator     : JDBC version : 4.2
2023-07-09T11:20:21.096+03:00 DEBUG 1328 --- [           main] org.hibernate.orm.dialect                : HHH035001: Using dialect: org.hibernate.dialect.PostgreSQLDialect, version: org.hibernate.engine.jdbc.env.internal.JdbcEnvironmentInitiator$DialectResolutionInfoImpl@5cdf221a
2023-07-09T11:20:21.106+03:00 DEBUG 1328 --- [           main] o.h.e.j.env.spi.IdentifierHelperBuilder  : JDBC driver metadata reported database stores quoted identifiers in neither upper, lower nor mixed case
2023-07-09T11:20:21.117+03:00 DEBUG 1328 --- [           main] org.hibernate.orm.jdbc.lob               : HHH10010004: Disabling contextual LOB creation as Dialect reported it is not supported
2023-07-09T11:20:21.134+03:00 DEBUG 1328 --- [           main] o.h.t.d.sql.spi.DdlTypeRegistry          : addDescriptor(6, org.hibernate.type.descriptor.sql.internal.CapacityDependentDdlType@6d17914a) replaced previous registration(org.hibernate.type.descriptor.sql.internal.DdlTypeImpl@49631cfb)
2023-07-09T11:20:21.136+03:00 DEBUG 1328 --- [           main] o.h.t.d.jdbc.spi.JdbcTypeRegistry        : addDescriptor(2004, BlobTypeDescriptor(BLOB_BINDING)) replaced previous registration(BlobTypeDescriptor(DEFAULT))
2023-07-09T11:20:21.137+03:00 DEBUG 1328 --- [           main] o.h.t.d.jdbc.spi.JdbcTypeRegistry        : addDescriptor(2005, ClobTypeDescriptor(CLOB_BINDING)) replaced previous registration(ClobTypeDescriptor(DEFAULT))
2023-07-09T11:20:21.142+03:00 DEBUG 1328 --- [l-1 housekeeper] com.zaxxer.hikari.pool.HikariPool        : HikariPool-1 - Pool stats (total=1, active=0, idle=1, waiting=0)
2023-07-09T11:20:21.143+03:00 DEBUG 1328 --- [onnection adder] org.postgresql.Driver                    : Connecting with URL: jdbc:postgresql://localhost:5432/users
2023-07-09T11:20:21.143+03:00 DEBUG 1328 --- [onnection adder] org.postgresql.jdbc.PgConnection         : PostgreSQL JDBC Driver 42.6.0
2023-07-09T11:20:21.143+03:00 DEBUG 1328 --- [onnection adder] org.postgresql.jdbc.PgConnection         :   setDefaultFetchSize = 0
2023-07-09T11:20:21.143+03:00 DEBUG 1328 --- [onnection adder] org.postgresql.jdbc.PgConnection         :   setPrepareThreshold = 5
2023-07-09T11:20:21.144+03:00 DEBUG 1328 --- [onnection adder] o.p.core.v3.ConnectionFactoryImpl        : Trying to establish a protocol version 3 connection to localhost:5432
2023-07-09T11:20:21.145+03:00 DEBUG 1328 --- [onnection adder] o.p.core.v3.ConnectionFactoryImpl        : Receive Buffer Size is 65,536
2023-07-09T11:20:21.145+03:00 DEBUG 1328 --- [onnection adder] o.p.core.v3.ConnectionFactoryImpl        : Send Buffer Size is 65,536
2023-07-09T11:20:21.149+03:00 DEBUG 1328 --- [           main] org.hibernate.type.BasicTypeRegistry     : Adding type registration JAVA_OBJECT -> org.hibernate.type.JavaObjectType@5a899811
2023-07-09T11:20:21.150+03:00 DEBUG 1328 --- [           main] org.hibernate.type.BasicTypeRegistry     : Adding type registration java.lang.Object -> org.hibernate.type.JavaObjectType@5a899811
2023-07-09T11:20:21.150+03:00 DEBUG 1328 --- [           main] org.hibernate.type.BasicTypeRegistry     : Type registration key [java.lang.Object] overrode previous entry : `org.hibernate.type.JavaObjectType@268c030f`
2023-07-09T11:20:21.151+03:00 DEBUG 1328 --- [           main] o.h.t.d.jdbc.spi.JdbcTypeRegistry        : addDescriptor(3100, NumericTypeDescriptor) replaced previous registration(org.hibernate.dialect.PostgreSQLIntervalSecondJdbcType@2969a9a6)
2023-07-09T11:20:21.162+03:00 DEBUG 1328 --- [           main] org.hibernate.type.BasicTypeRegistry     : Adding type registration org.hibernate.type.OffsetDateTimeType -> basicType@1(java.time.OffsetDateTime,3003)
2023-07-09T11:20:21.163+03:00 DEBUG 1328 --- [           main] org.hibernate.type.BasicTypeRegistry     : Adding type registration OffsetDateTime -> basicType@1(java.time.OffsetDateTime,3003)
2023-07-09T11:20:21.163+03:00 DEBUG 1328 --- [           main] org.hibernate.type.BasicTypeRegistry     : Adding type registration java.time.OffsetDateTime -> basicType@1(java.time.OffsetDateTime,3003)
2023-07-09T11:20:21.163+03:00 DEBUG 1328 --- [           main] org.hibernate.type.BasicTypeRegistry     : Adding type registration org.hibernate.type.ZonedDateTimeType -> basicType@2(java.time.ZonedDateTime,3003)
2023-07-09T11:20:21.163+03:00 DEBUG 1328 --- [           main] org.hibernate.type.BasicTypeRegistry     : Adding type registration ZonedDateTime -> basicType@2(java.time.ZonedDateTime,3003)
2023-07-09T11:20:21.163+03:00 DEBUG 1328 --- [           main] org.hibernate.type.BasicTypeRegistry     : Adding type registration java.time.ZonedDateTime -> basicType@2(java.time.ZonedDateTime,3003)
2023-07-09T11:20:21.165+03:00 DEBUG 1328 --- [           main] org.hibernate.type.BasicTypeRegistry     : Adding type registration org.hibernate.type.OffsetTimeType -> basicType@3(java.time.OffsetTime,3007)
2023-07-09T11:20:21.165+03:00 DEBUG 1328 --- [           main] org.hibernate.type.BasicTypeRegistry     : Adding type registration OffsetTime -> basicType@3(java.time.OffsetTime,3007)
2023-07-09T11:20:21.165+03:00 DEBUG 1328 --- [           main] org.hibernate.type.BasicTypeRegistry     : Adding type registration java.time.OffsetTime -> basicType@3(java.time.OffsetTime,3007)
2023-07-09T11:20:21.167+03:00 DEBUG 1328 --- [           main] o.h.type.spi.TypeConfiguration$Scope     : Scoping TypeConfiguration [org.hibernate.type.spi.TypeConfiguration@754de353] to MetadataBuildingContext [org.hibernate.boot.internal.MetadataBuildingContextRootImpl@ee2ae9a]
2023-07-09T11:20:21.204+03:00 DEBUG 1328 --- [onnection adder] com.zaxxer.hikari.pool.HikariPool        : HikariPool-1 - Added connection org.postgresql.jdbc.PgConnection@50b3400
2023-07-09T11:20:21.212+03:00 DEBUG 1328 --- [           main] o.h.boot.model.relational.Namespace      : Created database namespace [logicalName=Name{catalog=null, schema=null}, physicalName=Name{catalog=null, schema=null}]
2023-07-09T11:20:21.222+03:00 DEBUG 1328 --- [onnection adder] org.postgresql.Driver                    : Connecting with URL: jdbc:postgresql://localhost:5432/users
2023-07-09T11:20:21.222+03:00 DEBUG 1328 --- [onnection adder] org.postgresql.jdbc.PgConnection         : PostgreSQL JDBC Driver 42.6.0
2023-07-09T11:20:21.222+03:00 DEBUG 1328 --- [onnection adder] org.postgresql.jdbc.PgConnection         :   setDefaultFetchSize = 0
2023-07-09T11:20:21.222+03:00 DEBUG 1328 --- [onnection adder] org.postgresql.jdbc.PgConnection         :   setPrepareThreshold = 5
2023-07-09T11:20:21.223+03:00 DEBUG 1328 --- [onnection adder] o.p.core.v3.ConnectionFactoryImpl        : Trying to establish a protocol version 3 connection to localhost:5432
2023-07-09T11:20:21.224+03:00 DEBUG 1328 --- [onnection adder] o.p.core.v3.ConnectionFactoryImpl        : Receive Buffer Size is 65,536
2023-07-09T11:20:21.224+03:00 DEBUG 1328 --- [onnection adder] o.p.core.v3.ConnectionFactoryImpl        : Send Buffer Size is 65,536
2023-07-09T11:20:21.247+03:00 DEBUG 1328 --- [           main] o.h.boot.model.internal.EntityBinder     : Binding entity from annotated class: com.iulian.FinalProject.model.Product
2023-07-09T11:20:21.260+03:00 DEBUG 1328 --- [           main] o.h.boot.model.internal.EntityBinder     : Import with entity name Product
2023-07-09T11:20:21.269+03:00 DEBUG 1328 --- [           main] o.h.boot.model.internal.EntityBinder     : Bind entity com.iulian.FinalProject.model.Product on table products
2023-07-09T11:20:21.275+03:00 DEBUG 1328 --- [onnection adder] com.zaxxer.hikari.pool.HikariPool        : HikariPool-1 - Added connection org.postgresql.jdbc.PgConnection@4009bac5
2023-07-09T11:20:21.282+03:00 DEBUG 1328 --- [           main] o.h.boot.model.internal.AnnotatedColumn  : Binding column: AnnotatedDiscriminatorColumn(column='DTYPE')
2023-07-09T11:20:21.286+03:00 DEBUG 1328 --- [onnection adder] org.postgresql.Driver                    : Connecting with URL: jdbc:postgresql://localhost:5432/users
2023-07-09T11:20:21.286+03:00 DEBUG 1328 --- [onnection adder] org.postgresql.jdbc.PgConnection         : PostgreSQL JDBC Driver 42.6.0
2023-07-09T11:20:21.286+03:00 DEBUG 1328 --- [onnection adder] org.postgresql.jdbc.PgConnection         :   setDefaultFetchSize = 0
2023-07-09T11:20:21.287+03:00 DEBUG 1328 --- [onnection adder] org.postgresql.jdbc.PgConnection         :   setPrepareThreshold = 5
2023-07-09T11:20:21.287+03:00 DEBUG 1328 --- [onnection adder] o.p.core.v3.ConnectionFactoryImpl        : Trying to establish a protocol version 3 connection to localhost:5432
2023-07-09T11:20:21.288+03:00 DEBUG 1328 --- [onnection adder] o.p.core.v3.ConnectionFactoryImpl        : Receive Buffer Size is 65,536
2023-07-09T11:20:21.288+03:00 DEBUG 1328 --- [onnection adder] o.p.core.v3.ConnectionFactoryImpl        : Send Buffer Size is 65,536
2023-07-09T11:20:21.309+03:00 DEBUG 1328 --- [           main] o.h.boot.model.internal.AnnotatedColumn  : Binding column: AnnotatedColumn()
2023-07-09T11:20:21.310+03:00 DEBUG 1328 --- [           main] o.h.boot.internal.ClassLoaderAccessImpl  : Not known whether passed class name [com.iulian.FinalProject.model.Product] is safe
2023-07-09T11:20:21.310+03:00 DEBUG 1328 --- [           main] o.h.boot.internal.ClassLoaderAccessImpl  : No temp ClassLoader provided; using live ClassLoader for loading potentially unsafe class : com.iulian.FinalProject.model.Product
2023-07-09T11:20:21.315+03:00 DEBUG 1328 --- [           main] o.h.boot.model.internal.PropertyBinder   : MetadataSourceProcessor property id with lazy=false
2023-07-09T11:20:21.323+03:00 DEBUG 1328 --- [           main] o.h.b.m.internal.AbstractPropertyHolder  : Attempting to locate auto-apply AttributeConverter for property [com.iulian.FinalProject.model.Product:id]
2023-07-09T11:20:21.330+03:00 DEBUG 1328 --- [           main] o.h.b.model.internal.BasicValueBinder    : building BasicValue for id
2023-07-09T11:20:21.336+03:00 DEBUG 1328 --- [           main] org.hibernate.mapping.BasicValue         : Skipping column re-registration: products.id
2023-07-09T11:20:21.339+03:00 DEBUG 1328 --- [           main] o.h.boot.model.internal.PropertyBinder   : Building property id
2023-07-09T11:20:21.344+03:00 DEBUG 1328 --- [           main] o.h.boot.model.internal.BinderHelper     : #makeIdGenerator(BasicValue([Column(id)]), id, identity, , ...)
2023-07-09T11:20:21.345+03:00 DEBUG 1328 --- [           main] o.h.boot.model.internal.AnnotatedColumn  : Binding column: AnnotatedColumn()
2023-07-09T11:20:21.346+03:00 DEBUG 1328 --- [           main] o.h.boot.model.internal.PropertyBinder   : MetadataSourceProcessor property description with lazy=false
2023-07-09T11:20:21.346+03:00 DEBUG 1328 --- [           main] o.h.b.m.internal.AbstractPropertyHolder  : Attempting to locate auto-apply AttributeConverter for property [com.iulian.FinalProject.model.Product:description]
2023-07-09T11:20:21.346+03:00 DEBUG 1328 --- [           main] o.h.b.model.internal.BasicValueBinder    : building BasicValue for description
2023-07-09T11:20:21.346+03:00 DEBUG 1328 --- [           main] org.hibernate.mapping.BasicValue         : Skipping column re-registration: products.description
2023-07-09T11:20:21.346+03:00 DEBUG 1328 --- [           main] o.h.boot.model.internal.PropertyBinder   : Building property description
2023-07-09T11:20:21.347+03:00 DEBUG 1328 --- [           main] o.h.boot.model.internal.AnnotatedColumn  : Binding column: AnnotatedColumn()
2023-07-09T11:20:21.348+03:00 DEBUG 1328 --- [           main] o.h.boot.model.internal.PropertyBinder   : MetadataSourceProcessor property price with lazy=false
2023-07-09T11:20:21.348+03:00 DEBUG 1328 --- [           main] o.h.b.m.internal.AbstractPropertyHolder  : Attempting to locate auto-apply AttributeConverter for property [com.iulian.FinalProject.model.Product:price]
2023-07-09T11:20:21.348+03:00 DEBUG 1328 --- [           main] o.h.b.model.internal.BasicValueBinder    : building BasicValue for price
2023-07-09T11:20:21.348+03:00 DEBUG 1328 --- [           main] org.hibernate.mapping.BasicValue         : Skipping column re-registration: products.price
2023-07-09T11:20:21.349+03:00 DEBUG 1328 --- [           main] o.h.boot.model.internal.PropertyBinder   : Building property price
2023-07-09T11:20:21.349+03:00 DEBUG 1328 --- [           main] o.h.boot.model.internal.AnnotatedColumn  : Binding column: AnnotatedColumn()
2023-07-09T11:20:21.349+03:00 DEBUG 1328 --- [           main] o.h.boot.model.internal.PropertyBinder   : MetadataSourceProcessor property stock with lazy=false
2023-07-09T11:20:21.349+03:00 DEBUG 1328 --- [           main] o.h.b.m.internal.AbstractPropertyHolder  : Attempting to locate auto-apply AttributeConverter for property [com.iulian.FinalProject.model.Product:stock]
2023-07-09T11:20:21.349+03:00 DEBUG 1328 --- [           main] o.h.b.model.internal.BasicValueBinder    : building BasicValue for stock
2023-07-09T11:20:21.349+03:00 DEBUG 1328 --- [           main] org.hibernate.mapping.BasicValue         : Skipping column re-registration: products.stock
2023-07-09T11:20:21.349+03:00 DEBUG 1328 --- [           main] o.h.boot.model.internal.PropertyBinder   : Building property stock
2023-07-09T11:20:21.349+03:00 DEBUG 1328 --- [onnection adder] com.zaxxer.hikari.pool.HikariPool        : HikariPool-1 - Added connection org.postgresql.jdbc.PgConnection@2df41d63
2023-07-09T11:20:21.350+03:00 DEBUG 1328 --- [           main] o.h.boot.model.internal.AnnotatedColumn  : Binding column: AnnotatedColumn()
2023-07-09T11:20:21.350+03:00 DEBUG 1328 --- [           main] o.h.boot.model.internal.PropertyBinder   : MetadataSourceProcessor property title with lazy=false
2023-07-09T11:20:21.351+03:00 DEBUG 1328 --- [           main] o.h.b.m.internal.AbstractPropertyHolder  : Attempting to locate auto-apply AttributeConverter for property [com.iulian.FinalProject.model.Product:title]
2023-07-09T11:20:21.351+03:00 DEBUG 1328 --- [           main] o.h.b.model.internal.BasicValueBinder    : building BasicValue for title
2023-07-09T11:20:21.351+03:00 DEBUG 1328 --- [           main] org.hibernate.mapping.BasicValue         : Skipping column re-registration: products.title
2023-07-09T11:20:21.351+03:00 DEBUG 1328 --- [           main] o.h.boot.model.internal.PropertyBinder   : Building property title
2023-07-09T11:20:21.352+03:00 DEBUG 1328 --- [           main] o.h.boot.model.internal.AnnotatedColumn  : Binding column: AnnotatedColumn()
2023-07-09T11:20:21.352+03:00 DEBUG 1328 --- [           main] o.h.boot.model.internal.PropertyBinder   : MetadataSourceProcessor property uid with lazy=false
2023-07-09T11:20:21.352+03:00 DEBUG 1328 --- [           main] o.h.b.m.internal.AbstractPropertyHolder  : Attempting to locate auto-apply AttributeConverter for property [com.iulian.FinalProject.model.Product:uid]
2023-07-09T11:20:21.352+03:00 DEBUG 1328 --- [           main] o.h.b.model.internal.BasicValueBinder    : building BasicValue for uid
2023-07-09T11:20:21.352+03:00 DEBUG 1328 --- [           main] org.hibernate.mapping.BasicValue         : Skipping column re-registration: products.uid
2023-07-09T11:20:21.352+03:00 DEBUG 1328 --- [           main] o.h.boot.model.internal.PropertyBinder   : Building property uid
2023-07-09T11:20:21.362+03:00 DEBUG 1328 --- [           main] o.h.boot.model.internal.EntityBinder     : Binding entity from annotated class: com.iulian.FinalProject.model.Role
2023-07-09T11:20:21.362+03:00 DEBUG 1328 --- [           main] o.h.boot.model.internal.EntityBinder     : Import with entity name Role
2023-07-09T11:20:21.363+03:00 DEBUG 1328 --- [           main] o.h.boot.model.internal.EntityBinder     : Bind entity com.iulian.FinalProject.model.Role on table roles
2023-07-09T11:20:21.363+03:00 DEBUG 1328 --- [           main] o.h.boot.model.internal.AnnotatedColumn  : Binding column: AnnotatedDiscriminatorColumn(column='DTYPE')
2023-07-09T11:20:21.366+03:00 DEBUG 1328 --- [onnection adder] org.postgresql.Driver                    : Connecting with URL: jdbc:postgresql://localhost:5432/users
2023-07-09T11:20:21.366+03:00 DEBUG 1328 --- [onnection adder] org.postgresql.jdbc.PgConnection         : PostgreSQL JDBC Driver 42.6.0
2023-07-09T11:20:21.367+03:00 DEBUG 1328 --- [onnection adder] org.postgresql.jdbc.PgConnection         :   setDefaultFetchSize = 0
2023-07-09T11:20:21.367+03:00 DEBUG 1328 --- [           main] o.h.boot.model.internal.AnnotatedColumn  : Binding column: AnnotatedColumn(column='role_id')
2023-07-09T11:20:21.367+03:00 DEBUG 1328 --- [onnection adder] org.postgresql.jdbc.PgConnection         :   setPrepareThreshold = 5
2023-07-09T11:20:21.367+03:00 DEBUG 1328 --- [           main] o.h.boot.internal.ClassLoaderAccessImpl  : Not known whether passed class name [com.iulian.FinalProject.model.Role] is safe
2023-07-09T11:20:21.367+03:00 DEBUG 1328 --- [onnection adder] o.p.core.v3.ConnectionFactoryImpl        : Trying to establish a protocol version 3 connection to localhost:5432
2023-07-09T11:20:21.367+03:00 DEBUG 1328 --- [           main] o.h.boot.internal.ClassLoaderAccessImpl  : No temp ClassLoader provided; using live ClassLoader for loading potentially unsafe class : com.iulian.FinalProject.model.Role
2023-07-09T11:20:21.367+03:00 DEBUG 1328 --- [           main] o.h.boot.model.internal.PropertyBinder   : MetadataSourceProcessor property id with lazy=false
2023-07-09T11:20:21.367+03:00 DEBUG 1328 --- [           main] o.h.b.m.internal.AbstractPropertyHolder  : Attempting to locate auto-apply AttributeConverter for property [com.iulian.FinalProject.model.Role:id]
2023-07-09T11:20:21.367+03:00 DEBUG 1328 --- [           main] o.h.b.model.internal.BasicValueBinder    : building BasicValue for id
2023-07-09T11:20:21.368+03:00 DEBUG 1328 --- [           main] org.hibernate.mapping.BasicValue         : Skipping column re-registration: roles.role_id
2023-07-09T11:20:21.368+03:00 DEBUG 1328 --- [           main] o.h.boot.model.internal.PropertyBinder   : Building property id
2023-07-09T11:20:21.368+03:00 DEBUG 1328 --- [           main] o.h.boot.model.internal.BinderHelper     : #makeIdGenerator(BasicValue([Column(role_id)]), id, identity, , ...)
2023-07-09T11:20:21.368+03:00 DEBUG 1328 --- [           main] o.h.boot.model.internal.AnnotatedColumn  : Binding column: AnnotatedColumn()
2023-07-09T11:20:21.368+03:00 DEBUG 1328 --- [           main] o.h.boot.model.internal.PropertyBinder   : MetadataSourceProcessor property name with lazy=false
2023-07-09T11:20:21.368+03:00 DEBUG 1328 --- [           main] o.h.b.m.internal.AbstractPropertyHolder  : Attempting to locate auto-apply AttributeConverter for property [com.iulian.FinalProject.model.Role:name]
2023-07-09T11:20:21.368+03:00 DEBUG 1328 --- [onnection adder] o.p.core.v3.ConnectionFactoryImpl        : Receive Buffer Size is 65,536
2023-07-09T11:20:21.369+03:00 DEBUG 1328 --- [           main] o.h.b.model.internal.BasicValueBinder    : building BasicValue for name
2023-07-09T11:20:21.369+03:00 DEBUG 1328 --- [onnection adder] o.p.core.v3.ConnectionFactoryImpl        : Send Buffer Size is 65,536
2023-07-09T11:20:21.369+03:00 DEBUG 1328 --- [           main] org.hibernate.mapping.BasicValue         : Skipping column re-registration: roles.name
2023-07-09T11:20:21.369+03:00 DEBUG 1328 --- [           main] o.h.boot.model.internal.PropertyBinder   : Building property name
2023-07-09T11:20:21.370+03:00 DEBUG 1328 --- [           main] o.h.boot.model.internal.EntityBinder     : Binding entity from annotated class: com.iulian.FinalProject.model.User
2023-07-09T11:20:21.370+03:00 DEBUG 1328 --- [           main] o.h.boot.model.internal.EntityBinder     : Import with entity name User
2023-07-09T11:20:21.370+03:00 DEBUG 1328 --- [           main] o.h.boot.model.internal.EntityBinder     : Bind entity com.iulian.FinalProject.model.User on table users
2023-07-09T11:20:21.370+03:00 DEBUG 1328 --- [           main] o.h.boot.model.internal.AnnotatedColumn  : Binding column: AnnotatedDiscriminatorColumn(column='DTYPE')
2023-07-09T11:20:21.376+03:00 DEBUG 1328 --- [           main] o.h.boot.model.internal.AnnotatedColumn  : Binding column: AnnotatedColumn(column='user_id')
[...]

   RSocketSecurityAutoConfiguration:
      Did not match:
         - @ConditionalOnClass did not find required class 'org.springframework.security.rsocket.core.SecuritySocketAcceptorInterceptor' (OnClassCondition)

   RSocketServerAutoConfiguration:
      Did not match:
         - @ConditionalOnClass did not find required class 'io.rsocket.core.RSocketServer' (OnClassCondition)

   RSocketStrategiesAutoConfiguration:
      Did not match:
         - @ConditionalOnClass did not find required class 'io.netty.buffer.PooledByteBufAllocator' (OnClassCondition)

   RabbitAutoConfiguration:
      Did not match:
         - @ConditionalOnClass did not find required class 'com.rabbitmq.client.Channel' (OnClassCondition)

   ReactiveElasticsearchClientAutoConfiguration:
      Did not match:
         - @ConditionalOnClass did not find required class 'co.elastic.clients.transport.ElasticsearchTransport' (OnClassCondition)

   ReactiveElasticsearchRepositoriesAutoConfiguration:
      Did not match:
         - @ConditionalOnClass did not find required class 'org.springframework.data.elasticsearch.client.elc.ReactiveElasticsearchClient' (OnClassCondition)

   ReactiveMultipartAutoConfiguration:
      Did not match:
         - @ConditionalOnClass did not find required class 'org.springframework.web.reactive.config.WebFluxConfigurer' (OnClassCondition)

   ReactiveOAuth2ClientAutoConfiguration:
      Did not match:
         - @ConditionalOnClass did not find required class 'reactor.core.publisher.Flux' (OnClassCondition)

   ReactiveOAuth2ResourceServerAutoConfiguration:
      Did not match:
         - @ConditionalOnWebApplication did not find reactive web application classes (OnWebApplicationCondition)

   ReactiveSecurityAutoConfiguration:
      Did not match:
         - @ConditionalOnClass did not find required class 'reactor.core.publisher.Flux' (OnClassCondition)

   ReactiveUserDetailsServiceAutoConfiguration:
      Did not match:
         - AnyNestedCondition 0 matched 2 did not; NestedCondition on ReactiveUserDetailsServiceAutoConfiguration.ReactiveUserDetailsServiceCondition.ReactiveWebApplicationCondition did not find reactive web application classes; NestedCondition on ReactiveUserDetailsServiceAutoConfiguration.ReactiveUserDetailsServiceCondition.RSocketSecurityEnabledCondition @ConditionalOnBean (types: org.springframework.messaging.rsocket.annotation.support.RSocketMessageHandler; SearchStrategy: all) did not find any beans of type org.springframework.messaging.rsocket.annotation.support.RSocketMessageHandler (ReactiveUserDetailsServiceAutoConfiguration.ReactiveUserDetailsServiceCondition)
      Matched:
         - @ConditionalOnClass found required class 'org.springframework.security.authentication.ReactiveAuthenticationManager' (OnClassCondition)

   ReactiveWebServerFactoryAutoConfiguration:
      Did not match:
         - @ConditionalOnWebApplication did not find reactive web application classes (OnWebApplicationCondition)

   RedisAutoConfiguration:
      Did not match:
         - @ConditionalOnClass did not find required class 'org.springframework.data.redis.core.RedisOperations' (OnClassCondition)

   RedisCacheConfiguration:
      Did not match:
         - @ConditionalOnClass did not find required class 'org.springframework.data.redis.connection.RedisConnectionFactory' (OnClassCondition)

   RedisReactiveAutoConfiguration:
      Did not match:
         - @ConditionalOnClass did not find required class 'reactor.core.publisher.Flux' (OnClassCondition)

   RedisRepositoriesAutoConfiguration:
      Did not match:
         - @ConditionalOnClass did not find required class 'org.springframework.data.redis.repository.configuration.EnableRedisRepositories' (OnClassCondition)

   RemoteDevToolsAutoConfiguration:
      Did not match:
         - @ConditionalOnProperty (spring.devtools.remote.secret) did not find property 'secret' (OnPropertyCondition)
      Matched:
         - @ConditionalOnClass found required classes 'jakarta.servlet.Filter', 'org.springframework.http.server.ServerHttpRequest' (OnClassCondition)

   RepositoryRestMvcAutoConfiguration:
      Did not match:
         - @ConditionalOnClass did not find required class 'org.springframework.data.rest.webmvc.config.RepositoryRestMvcConfiguration' (OnClassCondition)

   Saml2RelyingPartyAutoConfiguration:
      Did not match:
         - @ConditionalOnClass did not find required class 'org.springframework.security.saml2.provider.service.registration.RelyingPartyRegistrationRepository' (OnClassCondition)

   SecurityDataConfiguration:
      Did not match:
         - @ConditionalOnClass did not find required class 'org.springframework.security.data.repository.query.SecurityEvaluationContextExtension' (OnClassCondition)

   SendGridAutoConfiguration:
      Did not match:
         - @ConditionalOnClass did not find required class 'com.sendgrid.SendGrid' (OnClassCondition)

   ServletWebServerFactoryAutoConfiguration.ForwardedHeaderFilterConfiguration:
      Did not match:
         - @ConditionalOnProperty (server.forward-headers-strategy=framework) did not find property 'server.forward-headers-strategy' (OnPropertyCondition)

   ServletWebServerFactoryConfiguration.EmbeddedJetty:
      Did not match:
         - @ConditionalOnClass did not find required classes 'org.eclipse.jetty.server.Server', 'org.eclipse.jetty.util.Loader', 'org.eclipse.jetty.webapp.WebAppContext' (OnClassCondition)

   ServletWebServerFactoryConfiguration.EmbeddedUndertow:
      Did not match:
         - @ConditionalOnClass did not find required classes 'io.undertow.Undertow', 'org.xnio.SslClientAuthMode' (OnClassCondition)

   SessionAutoConfiguration:
      Did not match:
         - @ConditionalOnClass did not find required class 'org.springframework.session.Session' (OnClassCondition)

   SpringApplicationAdminJmxAutoConfiguration:
      Did not match:
         - @ConditionalOnProperty (spring.application.admin.enabled=true) did not find property 'enabled' (OnPropertyCondition)

   SpringBootWebSecurityConfiguration.SecurityFilterChainConfiguration:
      Did not match:
         - AllNestedConditions 1 matched 1 did not; NestedCondition on DefaultWebSecurityCondition.Beans @ConditionalOnMissingBean (types: org.springframework.security.web.SecurityFilterChain; SearchStrategy: all) found beans of type 'org.springframework.security.web.SecurityFilterChain' securityFilterChain; NestedCondition on DefaultWebSecurityCondition.Classes @ConditionalOnClass found required classes 'org.springframework.security.web.SecurityFilterChain', 'org.springframework.security.config.annotation.web.builders.HttpSecurity' (DefaultWebSecurityCondition)

   SpringBootWebSecurityConfiguration.WebSecurityEnablerConfiguration:
      Did not match:
         - @ConditionalOnMissingBean (names: springSecurityFilterChain; SearchStrategy: all) found beans named springSecurityFilterChain (OnBeanCondition)
      Matched:
         - @ConditionalOnClass found required class 'org.springframework.security.config.annotation.web.configuration.EnableWebSecurity' (OnClassCondition)

   TaskSchedulingAutoConfiguration#scheduledBeanLazyInitializationExcludeFilter:
      Did not match:
         - @ConditionalOnBean (names: org.springframework.context.annotation.internalScheduledAnnotationProcessor; SearchStrategy: all) did not find any beans named org.springframework.context.annotation.internalScheduledAnnotationProcessor (OnBeanCondition)

   TaskSchedulingAutoConfiguration#taskScheduler:
      Did not match:
         - @ConditionalOnBean (names: org.springframework.context.annotation.internalScheduledAnnotationProcessor; SearchStrategy: all) did not find any beans named org.springframework.context.annotation.internalScheduledAnnotationProcessor (OnBeanCondition)

   TemplateEngineConfigurations.ReactiveTemplateEngineConfiguration:
      Did not match:
         - did not find reactive web application classes (OnWebApplicationCondition)

   ThymeleafAutoConfiguration.DataAttributeDialectConfiguration:
      Did not match:
         - @ConditionalOnClass did not find required class 'com.github.mxab.thymeleaf.extras.dataattribute.dialect.DataAttributeDialect' (OnClassCondition)

   ThymeleafAutoConfiguration.ThymeleafWebFluxConfiguration:
      Did not match:
         - did not find reactive web application classes (OnWebApplicationCondition)

   ThymeleafAutoConfiguration.ThymeleafWebLayoutConfiguration:
      Did not match:
         - @ConditionalOnClass did not find required class 'nz.net.ultraq.thymeleaf.layoutdialect.LayoutDialect' (OnClassCondition)

   ThymeleafAutoConfiguration.ThymeleafWebMvcConfiguration#resourceUrlEncodingFilter:
      Did not match:
         - @ConditionalOnEnabledResourceChain did not find class org.webjars.WebJarAssetLocator (OnEnabledResourceChainCondition)

   TransactionAutoConfiguration#transactionalOperator:
      Did not match:
         - @ConditionalOnSingleCandidate (types: org.springframework.transaction.ReactiveTransactionManager; SearchStrategy: all) did not find any beans (OnBeanCondition)

   TransactionAutoConfiguration.EnableTransactionManagementConfiguration.JdkDynamicAutoProxyConfiguration:
      Did not match:
         - @ConditionalOnProperty (spring.aop.proxy-target-class=false) did not find property 'proxy-target-class' (OnPropertyCondition)

   UserDetailsServiceAutoConfiguration:
      Did not match:
         - @ConditionalOnMissingBean (types: org.springframework.security.authentication.AuthenticationManager,org.springframework.security.authentication.AuthenticationProvider,org.springframework.security.core.userdetails.UserDetailsService,org.springframework.security.authentication.AuthenticationManagerResolver,org.springframework.security.oauth2.jwt.JwtDecoder,org.springframework.security.oauth2.server.resource.introspection.OpaqueTokenIntrospector,org.springframework.security.oauth2.client.registration.ClientRegistrationRepository,org.springframework.security.saml2.provider.service.registration.RelyingPartyRegistrationRepository; SearchStrategy: all) found beans of type 'org.springframework.security.core.userdetails.UserDetailsService' userService and found beans of type 'org.springframework.security.authentication.AuthenticationProvider' daoAuthenticationProvider (OnBeanCondition)
      Matched:
         - @ConditionalOnClass found required class 'org.springframework.security.authentication.AuthenticationManager' (OnClassCondition)

   ValidationAutoConfiguration:
      Did not match:
         - @ConditionalOnClass did not find required class 'jakarta.validation.executable.ExecutableValidator' (OnClassCondition)

   WebClientAutoConfiguration:
      Did not match:
         - @ConditionalOnClass did not find required class 'org.springframework.web.reactive.function.client.WebClient' (OnClassCondition)

   WebFluxAutoConfiguration:
      Did not match:
         - @ConditionalOnClass did not find required class 'org.springframework.web.reactive.config.WebFluxConfigurer' (OnClassCondition)

   WebMvcAutoConfiguration#hiddenHttpMethodFilter:
      Did not match:
         - @ConditionalOnProperty (spring.mvc.hiddenmethod.filter.enabled) did not find property 'enabled' (OnPropertyCondition)

   WebMvcAutoConfiguration.ProblemDetailsErrorHandlingConfiguration:
      Did not match:
         - @ConditionalOnProperty (spring.mvc.problemdetails.enabled=true) did not find property 'enabled' (OnPropertyCondition)

   WebMvcAutoConfiguration.ResourceChainCustomizerConfiguration:
      Did not match:
         - @ConditionalOnEnabledResourceChain did not find class org.webjars.WebJarAssetLocator (OnEnabledResourceChainCondition)

   WebMvcAutoConfiguration.WebMvcAutoConfigurationAdapter#beanNameViewResolver:
      Did not match:
         - @ConditionalOnMissingBean (types: org.springframework.web.servlet.view.BeanNameViewResolver; SearchStrategy: all) found beans of type 'org.springframework.web.servlet.view.BeanNameViewResolver' beanNameViewResolver (OnBeanCondition)

   WebServiceTemplateAutoConfiguration:
      Did not match:
         - @ConditionalOnClass did not find required class 'org.springframework.oxm.Marshaller' (OnClassCondition)

   WebServicesAutoConfiguration:
      Did not match:
         - @ConditionalOnClass did not find required class 'org.springframework.ws.transport.http.MessageDispatcherServlet' (OnClassCondition)

   WebSessionIdResolverAutoConfiguration:
      Did not match:
         - @ConditionalOnClass did not find required class 'reactor.core.publisher.Mono' (OnClassCondition)

   WebSocketMessagingAutoConfiguration:
      Did not match:
         - @ConditionalOnClass did not find required class 'org.springframework.web.socket.config.annotation.WebSocketMessageBrokerConfigurer' (OnClassCondition)

   WebSocketReactiveAutoConfiguration:
      Did not match:
         - @ConditionalOnWebApplication did not find reactive web application classes (OnWebApplicationCondition)

   WebSocketServletAutoConfiguration.JettyWebSocketConfiguration:
      Did not match:
         - @ConditionalOnClass did not find required class 'org.eclipse.jetty.websocket.jakarta.server.config.JakartaWebSocketServletContainerInitializer' (OnClassCondition)

   WebSocketServletAutoConfiguration.UndertowWebSocketConfiguration:
      Did not match:
         - @ConditionalOnClass did not find required class 'io.undertow.websockets.jsr.Bootstrap' (OnClassCondition)

   XADataSourceAutoConfiguration:
      Did not match:
         - @ConditionalOnBean (types: org.springframework.boot.jdbc.XADataSourceWrapper; SearchStrategy: all) did not find any beans of type org.springframework.boot.jdbc.XADataSourceWrapper (OnBeanCondition)
      Matched:
         - @ConditionalOnClass found required classes 'javax.sql.DataSource', 'jakarta.transaction.TransactionManager', 'org.springframework.jdbc.datasource.embedded.EmbeddedDatabaseType' (OnClassCondition)


Exclusions:
-----------

    None


Unconditional classes:
----------------------

    org.springframework.boot.autoconfigure.context.ConfigurationPropertiesAutoConfiguration

    org.springframework.boot.autoconfigure.ssl.SslAutoConfiguration

    org.springframework.boot.autoconfigure.context.LifecycleAutoConfiguration

    org.springframework.boot.autoconfigure.context.PropertyPlaceholderAutoConfiguration

    org.springframework.boot.autoconfigure.availability.ApplicationAvailabilityAutoConfiguration

    org.springframework.boot.autoconfigure.info.ProjectInfoAutoConfiguration



2023-07-09T11:20:23.998+03:00  INFO 1328 --- [           main] c.i.F.FinalProjectApplicationTests       : Started FinalProjectApplicationTests in 6.139 seconds (process running for 7.665)
2023-07-09T11:20:24.002+03:00 DEBUG 1328 --- [           main] o.s.b.a.ApplicationAvailabilityBean      : Application availability state LivenessState changed to CORRECT
2023-07-09T11:20:24.005+03:00 DEBUG 1328 --- [           main] o.s.boot.devtools.restart.Restarter      : Creating new Restarter for thread Thread[main,5,main]
2023-07-09T11:20:24.005+03:00 DEBUG 1328 --- [           main] o.s.b.a.ApplicationAvailabilityBean      : Application availability state ReadinessState changed to ACCEPTING_TRAFFIC
2023-07-09T11:20:24.008+03:00 DEBUG 1328 --- [           main] org.springframework.test.context.cache   : Spring test ApplicationContext cache statistics: [DefaultContextCache@1a1dd8eb size = 1, maxSize = 32, parentContextCount = 0, hitCount = 0, missCount = 1]
2023-07-09T11:20:24.009+03:00 DEBUG 1328 --- [           main] o.s.t.c.w.ServletTestExecutionListener   : Setting up MockHttpServletRequest, MockHttpServletResponse, ServletWebRequest, and RequestContextHolder for test class com.iulian.FinalProject.FinalProjectApplicationTests
2023-07-09T11:20:24.030+03:00 DEBUG 1328 --- [           main] DependencyInjectionTestExecutionListener : Performing dependency injection for test class com.iulian.FinalProject.FinalProjectApplicationTests
2023-07-09T11:20:24.030+03:00 DEBUG 1328 --- [           main] org.springframework.test.context.cache   : Spring test ApplicationContext cache statistics: [DefaultContextCache@1a1dd8eb size = 1, maxSize = 32, parentContextCount = 0, hitCount = 1, missCount = 1]
2023-07-09T11:20:24.031+03:00 DEBUG 1328 --- [           main] org.springframework.test.context.cache   : Spring test ApplicationContext cache statistics: [DefaultContextCache@1a1dd8eb size = 1, maxSize = 32, parentContextCount = 0, hitCount = 2, missCount = 1]
2023-07-09T11:20:24.043+03:00 DEBUG 1328 --- [           main] sContextBeforeModesTestExecutionListener : Before test method: class [FinalProjectApplicationTests], method [contextLoads], class annotated with @DirtiesContext [false] with mode [null], method annotated with @DirtiesContext [false] with mode [null]
2023-07-09T11:20:24.051+03:00 DEBUG 1328 --- [           main] org.springframework.test.context.cache   : Spring test ApplicationContext cache statistics: [DefaultContextCache@1a1dd8eb size = 1, maxSize = 32, parentContextCount = 0, hitCount = 3, missCount = 1]
2023-07-09T11:20:24.051+03:00 DEBUG 1328 --- [           main] org.springframework.test.context.cache   : Spring test ApplicationContext cache statistics: [DefaultContextCache@1a1dd8eb size = 1, maxSize = 32, parentContextCount = 0, hitCount = 4, missCount = 1]
2023-07-09T11:20:24.713+03:00 DEBUG 1328 --- [           main] org.springframework.test.context.cache   : Spring test ApplicationContext cache statistics: [DefaultContextCache@1a1dd8eb size = 1, maxSize = 32, parentContextCount = 0, hitCount = 5, missCount = 1]
2023-07-09T11:20:24.719+03:00 DEBUG 1328 --- [           main] org.springframework.test.context.cache   : Spring test ApplicationContext cache statistics: [DefaultContextCache@1a1dd8eb size = 1, maxSize = 32, parentContextCount = 0, hitCount = 6, missCount = 1]
2023-07-09T11:20:24.720+03:00 DEBUG 1328 --- [           main] org.springframework.test.context.cache   : Spring test ApplicationContext cache statistics: [DefaultContextCache@1a1dd8eb size = 1, maxSize = 32, parentContextCount = 0, hitCount = 7, missCount = 1]
2023-07-09T11:20:24.720+03:00 DEBUG 1328 --- [           main] org.springframework.test.context.cache   : Spring test ApplicationContext cache statistics: [DefaultContextCache@1a1dd8eb size = 1, maxSize = 32, parentContextCount = 0, hitCount = 8, missCount = 1]
2023-07-09T11:20:24.722+03:00 DEBUG 1328 --- [           main] org.springframework.test.context.cache   : Spring test ApplicationContext cache statistics: [DefaultContextCache@1a1dd8eb size = 1, maxSize = 32, parentContextCount = 0, hitCount = 9, missCount = 1]
2023-07-09T11:20:24.723+03:00 DEBUG 1328 --- [           main] org.springframework.test.context.cache   : Spring test ApplicationContext cache statistics: [DefaultContextCache@1a1dd8eb size = 1, maxSize = 32, parentContextCount = 0, hitCount = 10, missCount = 1]
2023-07-09T11:20:24.725+03:00 DEBUG 1328 --- [           main] org.springframework.test.context.cache   : Spring test ApplicationContext cache statistics: [DefaultContextCache@1a1dd8eb size = 1, maxSize = 32, parentContextCount = 0, hitCount = 11, missCount = 1]
2023-07-09T11:20:24.725+03:00 DEBUG 1328 --- [           main] org.springframework.test.context.cache   : Spring test ApplicationContext cache statistics: [DefaultContextCache@1a1dd8eb size = 1, maxSize = 32, parentContextCount = 0, hitCount = 12, missCount = 1]
2023-07-09T11:20:24.726+03:00 DEBUG 1328 --- [           main] .c.s.DirtiesContextTestExecutionListener : After test method: class [FinalProjectApplicationTests], method [contextLoads], class annotated with @DirtiesContext [false] with mode [null], method annotated with @DirtiesContext [false] with mode [null]
2023-07-09T11:20:24.727+03:00 DEBUG 1328 --- [           main] o.s.t.c.w.ServletTestExecutionListener   : Resetting RequestContextHolder for test class com.iulian.FinalProject.FinalProjectApplicationTests
]]></system-out>
  </testcase>
</testsuite>